DEBUG - 2025-04-23 11:36:59 --> Session: Class initialized using 'CodeIgniter\Session\Handlers\FileHandler' driver.
DEBUG - 2025-04-23 11:37:09 --> Session: Class initialized using 'CodeIgniter\Session\Handlers\FileHandler' driver.
DEBUG - 2025-04-23 11:37:26 --> Session: Class initialized using 'CodeIgniter\Session\Handlers\FileHandler' driver.
ERROR - 2025-04-23 11:37:26 --> mysqli_sql_exception: Table 'projeto.usuarios' doesn't exist in /home/vilson/Área de Trabalho/webserver2/www/codeigniter4/system/Database/MySQLi/Connection.php:327
Stack trace:
#0 /home/vilson/Área de Trabalho/webserver2/www/codeigniter4/system/Database/MySQLi/Connection.php(327): mysqli->query()
#1 /home/vilson/Área de Trabalho/webserver2/www/codeigniter4/system/Database/BaseConnection.php(738): CodeIgniter\Database\MySQLi\Connection->execute()
#2 /home/vilson/Área de Trabalho/webserver2/www/codeigniter4/system/Database/BaseConnection.php(652): CodeIgniter\Database\BaseConnection->simpleQuery()
#3 /home/vilson/Área de Trabalho/webserver2/www/codeigniter4/system/Database/BaseBuilder.php(1649): CodeIgniter\Database\BaseConnection->query()
#4 /home/vilson/Área de Trabalho/webserver2/www/codeigniter4/system/Model.php(213): CodeIgniter\Database\BaseBuilder->get()
#5 /home/vilson/Área de Trabalho/webserver2/www/codeigniter4/system/BaseModel.php(609): CodeIgniter\Model->doFind()
#6 /home/vilson/Área de Trabalho/webserver2/www/codeigniter4/app/Controllers/Login.php(29): CodeIgniter\BaseModel->find()
#7 /home/vilson/Área de Trabalho/webserver2/www/codeigniter4/system/CodeIgniter.php(933): App\Controllers\Login->logar()
#8 /home/vilson/Área de Trabalho/webserver2/www/codeigniter4/system/CodeIgniter.php(507): CodeIgniter\CodeIgniter->runController()
#9 /home/vilson/Área de Trabalho/webserver2/www/codeigniter4/system/CodeIgniter.php(354): CodeIgniter\CodeIgniter->handleRequest()
#10 /home/vilson/Área de Trabalho/webserver2/www/codeigniter4/system/Boot.php(334): CodeIgniter\CodeIgniter->run()
#11 /home/vilson/Área de Trabalho/webserver2/www/codeigniter4/system/Boot.php(67): CodeIgniter\Boot::runCodeIgniter()
#12 /home/vilson/Área de Trabalho/webserver2/www/codeigniter4/public/index.php(56): CodeIgniter\Boot::bootWeb()
#13 /home/vilson/Área de Trabalho/webserver2/www/codeigniter4/system/rewrite.php(44): require_once('...')
#14 {main}
CRITICAL - 2025-04-23 11:37:26 --> CodeIgniter\Database\Exceptions\DatabaseException: Table 'projeto.usuarios' doesn't exist
[Method: POST, Route: login/logar]
in SYSTEMPATH/Database/BaseConnection.php on line 692.
 1 SYSTEMPATH/Database/BaseBuilder.php(1649): CodeIgniter\Database\BaseConnection->query()
 2 SYSTEMPATH/Model.php(213): CodeIgniter\Database\BaseBuilder->get()
 3 SYSTEMPATH/BaseModel.php(609): CodeIgniter\Model->doFind()
 4 APPPATH/Controllers/Login.php(29): CodeIgniter\BaseModel->find()
 5 SYSTEMPATH/CodeIgniter.php(933): App\Controllers\Login->logar()
 6 SYSTEMPATH/CodeIgniter.php(507): CodeIgniter\CodeIgniter->runController()
 7 SYSTEMPATH/CodeIgniter.php(354): CodeIgniter\CodeIgniter->handleRequest()
 8 SYSTEMPATH/Boot.php(334): CodeIgniter\CodeIgniter->run()
 9 SYSTEMPATH/Boot.php(67): CodeIgniter\Boot::runCodeIgniter()
10 FCPATH/index.php(56): CodeIgniter\Boot::bootWeb()
11 SYSTEMPATH/rewrite.php(44): require_once('/home/vilson/Área de Trabalho/webserver2/www/codeigniter4/public/index.php')
CRITICAL - 2025-04-23 11:37:26 --> [Caused by] CodeIgniter\Database\Exceptions\DatabaseException: Table 'projeto.usuarios' doesn't exist
in SYSTEMPATH/Database/MySQLi/Connection.php on line 332.
 1 SYSTEMPATH/Database/BaseConnection.php(738): CodeIgniter\Database\MySQLi\Connection->execute()
 2 SYSTEMPATH/Database/BaseConnection.php(652): CodeIgniter\Database\BaseConnection->simpleQuery()
 3 SYSTEMPATH/Database/BaseBuilder.php(1649): CodeIgniter\Database\BaseConnection->query()
 4 SYSTEMPATH/Model.php(213): CodeIgniter\Database\BaseBuilder->get()
 5 SYSTEMPATH/BaseModel.php(609): CodeIgniter\Model->doFind()
 6 APPPATH/Controllers/Login.php(29): CodeIgniter\BaseModel->find()
 7 SYSTEMPATH/CodeIgniter.php(933): App\Controllers\Login->logar()
 8 SYSTEMPATH/CodeIgniter.php(507): CodeIgniter\CodeIgniter->runController()
 9 SYSTEMPATH/CodeIgniter.php(354): CodeIgniter\CodeIgniter->handleRequest()
10 SYSTEMPATH/Boot.php(334): CodeIgniter\CodeIgniter->run()
11 SYSTEMPATH/Boot.php(67): CodeIgniter\Boot::runCodeIgniter()
12 FCPATH/index.php(56): CodeIgniter\Boot::bootWeb()
13 SYSTEMPATH/rewrite.php(44): require_once('/home/vilson/Área de Trabalho/webserver2/www/codeigniter4/public/index.php')
CRITICAL - 2025-04-23 11:37:26 --> [Caused by] mysqli_sql_exception: Table 'projeto.usuarios' doesn't exist
in SYSTEMPATH/Database/MySQLi/Connection.php on line 327.
 1 SYSTEMPATH/Database/MySQLi/Connection.php(327): mysqli->query()
 2 SYSTEMPATH/Database/BaseConnection.php(738): CodeIgniter\Database\MySQLi\Connection->execute()
 3 SYSTEMPATH/Database/BaseConnection.php(652): CodeIgniter\Database\BaseConnection->simpleQuery()
 4 SYSTEMPATH/Database/BaseBuilder.php(1649): CodeIgniter\Database\BaseConnection->query()
 5 SYSTEMPATH/Model.php(213): CodeIgniter\Database\BaseBuilder->get()
 6 SYSTEMPATH/BaseModel.php(609): CodeIgniter\Model->doFind()
 7 APPPATH/Controllers/Login.php(29): CodeIgniter\BaseModel->find()
 8 SYSTEMPATH/CodeIgniter.php(933): App\Controllers\Login->logar()
 9 SYSTEMPATH/CodeIgniter.php(507): CodeIgniter\CodeIgniter->runController()
10 SYSTEMPATH/CodeIgniter.php(354): CodeIgniter\CodeIgniter->handleRequest()
11 SYSTEMPATH/Boot.php(334): CodeIgniter\CodeIgniter->run()
12 SYSTEMPATH/Boot.php(67): CodeIgniter\Boot::runCodeIgniter()
13 FCPATH/index.php(56): CodeIgniter\Boot::bootWeb()
14 SYSTEMPATH/rewrite.php(44): require_once('/home/vilson/Área de Trabalho/webserver2/www/codeigniter4/public/index.php')
DEBUG - 2025-04-23 11:37:38 --> Session: Class initialized using 'CodeIgniter\Session\Handlers\FileHandler' driver.
DEBUG - 2025-04-23 11:38:56 --> Session: Class initialized using 'CodeIgniter\Session\Handlers\FileHandler' driver.
DEBUG - 2025-04-23 11:39:01 --> Session: Class initialized using 'CodeIgniter\Session\Handlers\FileHandler' driver.
DEBUG - 2025-04-23 11:52:22 --> Session: Class initialized using 'CodeIgniter\Session\Handlers\FileHandler' driver.
CRITICAL - 2025-04-23 11:54:48 --> ErrorException: require(/home/vilson/Área de Trabalho/webserver2/www/codeigniter4/app/Libraries/fpdf/fpdf.php): Failed to open stream: No such file or directory
[Method: GET, Route: relatorios]
in APPPATH/Controllers/Relatorios.php on line 11.
 1 APPPATH/Controllers/Relatorios.php(11): CodeIgniter\Debug\Exceptions->errorHandler()
 2 APPPATH/Controllers/Relatorios.php(11): require()
 3 SYSTEMPATH/CodeIgniter.php(933): App\Controllers\Relatorios->index()
 4 SYSTEMPATH/CodeIgniter.php(507): CodeIgniter\CodeIgniter->runController()
 5 SYSTEMPATH/CodeIgniter.php(354): CodeIgniter\CodeIgniter->handleRequest()
 6 SYSTEMPATH/Boot.php(334): CodeIgniter\CodeIgniter->run()
 7 SYSTEMPATH/Boot.php(67): CodeIgniter\Boot::runCodeIgniter()
 8 FCPATH/index.php(56): CodeIgniter\Boot::bootWeb()
 9 SYSTEMPATH/rewrite.php(44): require_once('/home/vilson/Área de Trabalho/webserver2/www/codeigniter4/public/index.php')
DEBUG - 2025-04-23 11:56:53 --> Session: Class initialized using 'CodeIgniter\Session\Handlers\FileHandler' driver.
DEBUG - 2025-04-23 11:56:59 --> Session: Class initialized using 'CodeIgniter\Session\Handlers\FileHandler' driver.
CRITICAL - 2025-04-23 12:29:09 --> ErrorException: fopen(http://localhost:8080/assets/images/sd_logo.png): Failed to open stream: HTTP request failed!
[Method: GET, Route: relatorios]
in APPPATH/Libraries/fpdf/fpdf.php on line 1274.
 1 [internal function]: CodeIgniter\Debug\Exceptions->errorHandler()
 2 APPPATH/Libraries/fpdf/fpdf.php(1274): fopen()
 3 APPPATH/Libraries/fpdf/fpdf.php(890): FPDF->_parsepng()
 4 APPPATH/Libraries/RelatorioPDF.php(9): FPDF->Image()
 5 APPPATH/Libraries/fpdf/fpdf.php(330): RelatorioPDF->Header()
 6 APPPATH/Controllers/Relatorios.php(23): FPDF->AddPage()
 7 SYSTEMPATH/CodeIgniter.php(933): App\Controllers\Relatorios->index()
 8 SYSTEMPATH/CodeIgniter.php(507): CodeIgniter\CodeIgniter->runController()
 9 SYSTEMPATH/CodeIgniter.php(354): CodeIgniter\CodeIgniter->handleRequest()
10 SYSTEMPATH/Boot.php(334): CodeIgniter\CodeIgniter->run()
11 SYSTEMPATH/Boot.php(67): CodeIgniter\Boot::runCodeIgniter()
12 FCPATH/index.php(56): CodeIgniter\Boot::bootWeb()
13 SYSTEMPATH/rewrite.php(44): require_once('/home/vilson/Área de Trabalho/webserver2/www/codeigniter4/public/index.php')
DEBUG - 2025-04-23 12:29:09 --> Session: Class initialized using 'CodeIgniter\Session\Handlers\FileHandler' driver.
CRITICAL - 2025-04-23 12:30:40 --> ErrorException: fopen(http://localhost:8080/assets/images/sd_logo.png): Failed to open stream: HTTP request failed!
[Method: GET, Route: relatorios]
in APPPATH/Libraries/fpdf/fpdf.php on line 1274.
 1 [internal function]: CodeIgniter\Debug\Exceptions->errorHandler()
 2 APPPATH/Libraries/fpdf/fpdf.php(1274): fopen()
 3 APPPATH/Libraries/fpdf/fpdf.php(890): FPDF->_parsepng()
 4 APPPATH/Libraries/RelatorioPDF.php(9): FPDF->Image()
 5 APPPATH/Libraries/fpdf/fpdf.php(330): RelatorioPDF->Header()
 6 APPPATH/Controllers/Relatorios.php(23): FPDF->AddPage()
 7 SYSTEMPATH/CodeIgniter.php(933): App\Controllers\Relatorios->index()
 8 SYSTEMPATH/CodeIgniter.php(507): CodeIgniter\CodeIgniter->runController()
 9 SYSTEMPATH/CodeIgniter.php(354): CodeIgniter\CodeIgniter->handleRequest()
10 SYSTEMPATH/Boot.php(334): CodeIgniter\CodeIgniter->run()
11 SYSTEMPATH/Boot.php(67): CodeIgniter\Boot::runCodeIgniter()
12 FCPATH/index.php(56): CodeIgniter\Boot::bootWeb()
13 SYSTEMPATH/rewrite.php(44): require_once('/home/vilson/Área de Trabalho/webserver2/www/codeigniter4/public/index.php')
DEBUG - 2025-04-23 12:31:11 --> Session: Class initialized using 'CodeIgniter\Session\Handlers\FileHandler' driver.
CRITICAL - 2025-04-23 12:32:17 --> ErrorException: fopen(http://localhost:8080/assets/images/sd_logo.png): Failed to open stream: HTTP request failed!
[Method: GET, Route: relatorios]
in APPPATH/Libraries/fpdf/fpdf.php on line 1274.
 1 [internal function]: CodeIgniter\Debug\Exceptions->errorHandler()
 2 APPPATH/Libraries/fpdf/fpdf.php(1274): fopen()
 3 APPPATH/Libraries/fpdf/fpdf.php(890): FPDF->_parsepng()
 4 APPPATH/Libraries/RelatorioPDF.php(9): FPDF->Image()
 5 APPPATH/Libraries/fpdf/fpdf.php(330): RelatorioPDF->Header()
 6 APPPATH/Controllers/Relatorios.php(23): FPDF->AddPage()
 7 SYSTEMPATH/CodeIgniter.php(933): App\Controllers\Relatorios->index()
 8 SYSTEMPATH/CodeIgniter.php(507): CodeIgniter\CodeIgniter->runController()
 9 SYSTEMPATH/CodeIgniter.php(354): CodeIgniter\CodeIgniter->handleRequest()
10 SYSTEMPATH/Boot.php(334): CodeIgniter\CodeIgniter->run()
11 SYSTEMPATH/Boot.php(67): CodeIgniter\Boot::runCodeIgniter()
12 FCPATH/index.php(56): CodeIgniter\Boot::bootWeb()
13 SYSTEMPATH/rewrite.php(44): require_once('/home/vilson/Área de Trabalho/webserver2/www/codeigniter4/public/index.php')
CRITICAL - 2025-04-23 12:39:07 --> TypeError: Unsupported operand types: string * float
[Method: GET, Route: relatorios]
in APPPATH/Libraries/fpdf/fpdf.php on line 929.
 1 APPPATH/Libraries/RelatorioPDF.php(9): FPDF->Image()
 2 APPPATH/Libraries/fpdf/fpdf.php(330): RelatorioPDF->Header()
 3 APPPATH/Controllers/Relatorios.php(23): FPDF->AddPage()
 4 SYSTEMPATH/CodeIgniter.php(933): App\Controllers\Relatorios->index()
 5 SYSTEMPATH/CodeIgniter.php(507): CodeIgniter\CodeIgniter->runController()
 6 SYSTEMPATH/CodeIgniter.php(354): CodeIgniter\CodeIgniter->handleRequest()
 7 SYSTEMPATH/Boot.php(334): CodeIgniter\CodeIgniter->run()
 8 SYSTEMPATH/Boot.php(67): CodeIgniter\Boot::runCodeIgniter()
 9 FCPATH/index.php(56): CodeIgniter\Boot::bootWeb()
10 SYSTEMPATH/rewrite.php(44): require_once('/home/vilson/Área de Trabalho/webserver2/www/codeigniter4/public/index.php')
CRITICAL - 2025-04-23 12:55:44 --> Error: Call to undefined method App\Controllers\Relatorios::SetFont()
[Method: GET, Route: relatorios]
in APPPATH/Controllers/Relatorios.php on line 29.
 1 SYSTEMPATH/CodeIgniter.php(933): App\Controllers\Relatorios->index()
 2 SYSTEMPATH/CodeIgniter.php(507): CodeIgniter\CodeIgniter->runController()
 3 SYSTEMPATH/CodeIgniter.php(354): CodeIgniter\CodeIgniter->handleRequest()
 4 SYSTEMPATH/Boot.php(334): CodeIgniter\CodeIgniter->run()
 5 SYSTEMPATH/Boot.php(67): CodeIgniter\Boot::runCodeIgniter()
 6 FCPATH/index.php(56): CodeIgniter\Boot::bootWeb()
 7 SYSTEMPATH/rewrite.php(44): require_once('/home/vilson/Área de Trabalho/webserver2/www/codeigniter4/public/index.php')
CRITICAL - 2025-04-23 13:36:57 --> Exception: FPDF error: Incorrect output destination: FI
[Method: GET, Route: relatorios]
in APPPATH/Libraries/fpdf/fpdf.php on line 267.
 1 APPPATH/Libraries/fpdf/fpdf.php(1033): FPDF->Error()
 2 APPPATH/Controllers/Relatorios.php(55): FPDF->Output()
 3 SYSTEMPATH/CodeIgniter.php(933): App\Controllers\Relatorios->index()
 4 SYSTEMPATH/CodeIgniter.php(507): CodeIgniter\CodeIgniter->runController()
 5 SYSTEMPATH/CodeIgniter.php(354): CodeIgniter\CodeIgniter->handleRequest()
 6 SYSTEMPATH/Boot.php(334): CodeIgniter\CodeIgniter->run()
 7 SYSTEMPATH/Boot.php(67): CodeIgniter\Boot::runCodeIgniter()
 8 FCPATH/index.php(56): CodeIgniter\Boot::bootWeb()
 9 SYSTEMPATH/rewrite.php(44): require_once('/home/vilson/Área de Trabalho/webserver2/www/codeigniter4/public/index.php')
DEBUG - 2025-04-23 13:47:09 --> Session: Class initialized using 'CodeIgniter\Session\Handlers\FileHandler' driver.
CRITICAL - 2025-04-23 17:57:58 --> Error: Undefined constant "CodeIgniter\Database\MySQLi\MYSQLI_STORE_RESULT"
[Method: CLI, Route: migrate]
in SYSTEMPATH/Database/Database.php on line 143.
 1 SYSTEMPATH/Database/Database.php(61): CodeIgniter\Database\Database->initDriver()
 2 SYSTEMPATH/Database/Config.php(84): CodeIgniter\Database\Database->load()
 3 SYSTEMPATH/Common.php(363): CodeIgniter\Database\Config::connect()
 4 SYSTEMPATH/Database/MigrationRunner.php(145): db_connect()
 5 SYSTEMPATH/Config/Services.php(421): CodeIgniter\Database\MigrationRunner->__construct()
 6 SYSTEMPATH/Config/BaseService.php(312): CodeIgniter\Config\Services::migrations()
 7 SYSTEMPATH/Config/BaseService.php(251): CodeIgniter\Config\BaseService::__callStatic()
 8 SYSTEMPATH/Config/Services.php(416): CodeIgniter\Config\BaseService::getSharedInstance()
 9 SYSTEMPATH/Config/BaseService.php(321): CodeIgniter\Config\Services::migrations()
10 SYSTEMPATH/Config/BaseService.php(202): CodeIgniter\Config\BaseService::__callStatic()
11 SYSTEMPATH/Common.php(1000): CodeIgniter\Config\BaseService::get()
12 SYSTEMPATH/Commands/Database/Migrate.php(70): service()
13 SYSTEMPATH/CLI/Commands.php(70): CodeIgniter\Commands\Database\Migrate->run()
14 SYSTEMPATH/CLI/Console.php(48): CodeIgniter\CLI\Commands->run()
15 SYSTEMPATH/Boot.php(360): CodeIgniter\CLI\Console->run()
16 SYSTEMPATH/Boot.php(104): CodeIgniter\Boot::runCommand()
17 ROOTPATH/spark(84): CodeIgniter\Boot::bootSpark()
DEBUG - 2025-04-23 17:58:36 --> Session: Class initialized using 'CodeIgniter\Session\Handlers\FileHandler' driver.
DEBUG - 2025-04-23 17:58:44 --> Session: Class initialized using 'CodeIgniter\Session\Handlers\FileHandler' driver.
CRITICAL - 2025-04-23 18:00:08 --> Error: Undefined constant "CodeIgniter\Database\MySQLi\MYSQLI_STORE_RESULT"
[Method: CLI, Route: migrate]
in SYSTEMPATH/Database/Database.php on line 143.
 1 SYSTEMPATH/Database/Database.php(61): CodeIgniter\Database\Database->initDriver()
 2 SYSTEMPATH/Database/Config.php(84): CodeIgniter\Database\Database->load()
 3 SYSTEMPATH/Common.php(363): CodeIgniter\Database\Config::connect()
 4 SYSTEMPATH/Database/MigrationRunner.php(145): db_connect()
 5 SYSTEMPATH/Config/Services.php(421): CodeIgniter\Database\MigrationRunner->__construct()
 6 SYSTEMPATH/Config/BaseService.php(312): CodeIgniter\Config\Services::migrations()
 7 SYSTEMPATH/Config/BaseService.php(251): CodeIgniter\Config\BaseService::__callStatic()
 8 SYSTEMPATH/Config/Services.php(416): CodeIgniter\Config\BaseService::getSharedInstance()
 9 SYSTEMPATH/Config/BaseService.php(321): CodeIgniter\Config\Services::migrations()
10 SYSTEMPATH/Config/BaseService.php(202): CodeIgniter\Config\BaseService::__callStatic()
11 SYSTEMPATH/Common.php(1000): CodeIgniter\Config\BaseService::get()
12 SYSTEMPATH/Commands/Database/Migrate.php(70): service()
13 SYSTEMPATH/CLI/Commands.php(70): CodeIgniter\Commands\Database\Migrate->run()
14 SYSTEMPATH/CLI/Console.php(48): CodeIgniter\CLI\Commands->run()
15 SYSTEMPATH/Boot.php(360): CodeIgniter\CLI\Console->run()
16 SYSTEMPATH/Boot.php(104): CodeIgniter\Boot::runCommand()
17 ROOTPATH/spark(84): CodeIgniter\Boot::bootSpark()
CRITICAL - 2025-04-23 18:01:03 --> Error: Undefined constant "CodeIgniter\Database\MySQLi\MYSQLI_STORE_RESULT"
[Method: GET, Route: relatorios]
in SYSTEMPATH/Database/Database.php on line 143.
 1 SYSTEMPATH/Database/Database.php(61): CodeIgniter\Database\Database->initDriver()
 2 SYSTEMPATH/Database/Config.php(84): CodeIgniter\Database\Database->load()
 3 SYSTEMPATH/Model.php(155): CodeIgniter\Database\Config::connect()
 4 APPPATH/Controllers/Relatorios.php(11): CodeIgniter\Model->__construct()
 5 SYSTEMPATH/CodeIgniter.php(903): App\Controllers\Relatorios->__construct()
 6 SYSTEMPATH/CodeIgniter.php(498): CodeIgniter\CodeIgniter->createController()
 7 SYSTEMPATH/CodeIgniter.php(354): CodeIgniter\CodeIgniter->handleRequest()
 8 SYSTEMPATH/Boot.php(334): CodeIgniter\CodeIgniter->run()
 9 SYSTEMPATH/Boot.php(67): CodeIgniter\Boot::runCodeIgniter()
10 FCPATH/index.php(56): CodeIgniter\Boot::bootWeb()
11 SYSTEMPATH/rewrite.php(44): require_once('/home/vilson/Área de Trabalho/webserver2/www/codeigniter4/public/index.php')
CRITICAL - 2025-04-23 18:02:11 --> Error: Undefined constant "CodeIgniter\Database\MySQLi\MYSQLI_STORE_RESULT"
[Method: GET, Route: relatorios]
in SYSTEMPATH/Database/Database.php on line 143.
 1 SYSTEMPATH/Database/Database.php(61): CodeIgniter\Database\Database->initDriver()
 2 SYSTEMPATH/Database/Config.php(84): CodeIgniter\Database\Database->load()
 3 SYSTEMPATH/Model.php(155): CodeIgniter\Database\Config::connect()
 4 APPPATH/Controllers/Relatorios.php(11): CodeIgniter\Model->__construct()
 5 SYSTEMPATH/CodeIgniter.php(903): App\Controllers\Relatorios->__construct()
 6 SYSTEMPATH/CodeIgniter.php(498): CodeIgniter\CodeIgniter->createController()
 7 SYSTEMPATH/CodeIgniter.php(354): CodeIgniter\CodeIgniter->handleRequest()
 8 SYSTEMPATH/Boot.php(334): CodeIgniter\CodeIgniter->run()
 9 SYSTEMPATH/Boot.php(67): CodeIgniter\Boot::runCodeIgniter()
10 FCPATH/index.php(56): CodeIgniter\Boot::bootWeb()
11 SYSTEMPATH/rewrite.php(44): require_once('/home/vilson/Área de Trabalho/webserver2/www/codeigniter4/public/index.php')
CRITICAL - 2025-04-23 18:02:15 --> Error: Undefined constant "CodeIgniter\Database\MySQLi\MYSQLI_STORE_RESULT"
[Method: GET, Route: relatorios]
in SYSTEMPATH/Database/Database.php on line 143.
 1 SYSTEMPATH/Database/Database.php(61): CodeIgniter\Database\Database->initDriver()
 2 SYSTEMPATH/Database/Config.php(84): CodeIgniter\Database\Database->load()
 3 SYSTEMPATH/Model.php(155): CodeIgniter\Database\Config::connect()
 4 APPPATH/Controllers/Relatorios.php(11): CodeIgniter\Model->__construct()
 5 SYSTEMPATH/CodeIgniter.php(903): App\Controllers\Relatorios->__construct()
 6 SYSTEMPATH/CodeIgniter.php(498): CodeIgniter\CodeIgniter->createController()
 7 SYSTEMPATH/CodeIgniter.php(354): CodeIgniter\CodeIgniter->handleRequest()
 8 SYSTEMPATH/Boot.php(334): CodeIgniter\CodeIgniter->run()
 9 SYSTEMPATH/Boot.php(67): CodeIgniter\Boot::runCodeIgniter()
10 FCPATH/index.php(56): CodeIgniter\Boot::bootWeb()
11 SYSTEMPATH/rewrite.php(44): require_once('/home/vilson/Área de Trabalho/webserver2/www/codeigniter4/public/index.php')
CRITICAL - 2025-04-23 18:02:51 --> Error: Undefined constant "CodeIgniter\Database\MySQLi\MYSQLI_STORE_RESULT"
[Method: GET, Route: relatorios]
in SYSTEMPATH/Database/Database.php on line 143.
 1 SYSTEMPATH/Database/Database.php(61): CodeIgniter\Database\Database->initDriver()
 2 SYSTEMPATH/Database/Config.php(84): CodeIgniter\Database\Database->load()
 3 SYSTEMPATH/Model.php(155): CodeIgniter\Database\Config::connect()
 4 APPPATH/Controllers/Relatorios.php(11): CodeIgniter\Model->__construct()
 5 SYSTEMPATH/CodeIgniter.php(903): App\Controllers\Relatorios->__construct()
 6 SYSTEMPATH/CodeIgniter.php(498): CodeIgniter\CodeIgniter->createController()
 7 SYSTEMPATH/CodeIgniter.php(354): CodeIgniter\CodeIgniter->handleRequest()
 8 SYSTEMPATH/Boot.php(334): CodeIgniter\CodeIgniter->run()
 9 SYSTEMPATH/Boot.php(67): CodeIgniter\Boot::runCodeIgniter()
10 FCPATH/index.php(56): CodeIgniter\Boot::bootWeb()
11 SYSTEMPATH/rewrite.php(44): require_once('/home/vilson/Área de Trabalho/webserver2/www/codeigniter4/public/index.php')
DEBUG - 2025-04-23 18:02:55 --> Session: Class initialized using 'CodeIgniter\Session\Handlers\FileHandler' driver.
DEBUG - 2025-04-23 18:03:18 --> Session: Class initialized using 'CodeIgniter\Session\Handlers\FileHandler' driver.
CRITICAL - 2025-04-23 18:03:18 --> Error: Undefined constant "CodeIgniter\Database\MySQLi\MYSQLI_STORE_RESULT"
[Method: GET, Route: login]
in SYSTEMPATH/Database/Database.php on line 143.
 1 SYSTEMPATH/Database/Database.php(61): CodeIgniter\Database\Database->initDriver()
 2 SYSTEMPATH/Database/Config.php(84): CodeIgniter\Database\Database->load()
 3 SYSTEMPATH/Model.php(155): CodeIgniter\Database\Config::connect()
 4 APPPATH/Controllers/Login.php(14): CodeIgniter\Model->__construct()
 5 SYSTEMPATH/CodeIgniter.php(903): App\Controllers\Login->__construct()
 6 SYSTEMPATH/CodeIgniter.php(498): CodeIgniter\CodeIgniter->createController()
 7 SYSTEMPATH/CodeIgniter.php(354): CodeIgniter\CodeIgniter->handleRequest()
 8 SYSTEMPATH/Boot.php(334): CodeIgniter\CodeIgniter->run()
 9 SYSTEMPATH/Boot.php(67): CodeIgniter\Boot::runCodeIgniter()
10 FCPATH/index.php(56): CodeIgniter\Boot::bootWeb()
11 SYSTEMPATH/rewrite.php(44): require_once('/home/vilson/Área de Trabalho/webserver2/www/codeigniter4/public/index.php')
DEBUG - 2025-04-23 18:07:34 --> Session: Class initialized using 'CodeIgniter\Session\Handlers\FileHandler' driver.
CRITICAL - 2025-04-23 18:07:34 --> Error: Undefined constant "CodeIgniter\Database\MySQLi\MYSQLI_STORE_RESULT"
[Method: GET, Route: login]
in SYSTEMPATH/Database/Database.php on line 143.
 1 SYSTEMPATH/Database/Database.php(61): CodeIgniter\Database\Database->initDriver()
 2 SYSTEMPATH/Database/Config.php(84): CodeIgniter\Database\Database->load()
 3 SYSTEMPATH/Model.php(155): CodeIgniter\Database\Config::connect()
 4 APPPATH/Controllers/Login.php(14): CodeIgniter\Model->__construct()
 5 SYSTEMPATH/CodeIgniter.php(903): App\Controllers\Login->__construct()
 6 SYSTEMPATH/CodeIgniter.php(498): CodeIgniter\CodeIgniter->createController()
 7 SYSTEMPATH/CodeIgniter.php(354): CodeIgniter\CodeIgniter->handleRequest()
 8 SYSTEMPATH/Boot.php(334): CodeIgniter\CodeIgniter->run()
 9 SYSTEMPATH/Boot.php(67): CodeIgniter\Boot::runCodeIgniter()
10 FCPATH/index.php(56): CodeIgniter\Boot::bootWeb()
11 SYSTEMPATH/rewrite.php(44): require_once('/home/vilson/Área de Trabalho/webserver2/www/codeigniter4/public/index.php')
DEBUG - 2025-04-23 18:07:36 --> Session: Class initialized using 'CodeIgniter\Session\Handlers\FileHandler' driver.
DEBUG - 2025-04-23 18:07:38 --> Session: Class initialized using 'CodeIgniter\Session\Handlers\FileHandler' driver.
CRITICAL - 2025-04-23 18:07:38 --> Error: Undefined constant "CodeIgniter\Database\MySQLi\MYSQLI_STORE_RESULT"
[Method: GET, Route: login]
in SYSTEMPATH/Database/Database.php on line 143.
 1 SYSTEMPATH/Database/Database.php(61): CodeIgniter\Database\Database->initDriver()
 2 SYSTEMPATH/Database/Config.php(84): CodeIgniter\Database\Database->load()
 3 SYSTEMPATH/Model.php(155): CodeIgniter\Database\Config::connect()
 4 APPPATH/Controllers/Login.php(14): CodeIgniter\Model->__construct()
 5 SYSTEMPATH/CodeIgniter.php(903): App\Controllers\Login->__construct()
 6 SYSTEMPATH/CodeIgniter.php(498): CodeIgniter\CodeIgniter->createController()
 7 SYSTEMPATH/CodeIgniter.php(354): CodeIgniter\CodeIgniter->handleRequest()
 8 SYSTEMPATH/Boot.php(334): CodeIgniter\CodeIgniter->run()
 9 SYSTEMPATH/Boot.php(67): CodeIgniter\Boot::runCodeIgniter()
10 FCPATH/index.php(56): CodeIgniter\Boot::bootWeb()
11 SYSTEMPATH/rewrite.php(44): require_once('/home/vilson/Área de Trabalho/webserver2/www/codeigniter4/public/index.php')
DEBUG - 2025-04-23 18:08:18 --> Session: Class initialized using 'CodeIgniter\Session\Handlers\FileHandler' driver.
CRITICAL - 2025-04-23 18:08:18 --> Error: Undefined constant "CodeIgniter\Database\MySQLi\MYSQLI_STORE_RESULT"
[Method: GET, Route: login]
in SYSTEMPATH/Database/Database.php on line 143.
 1 SYSTEMPATH/Database/Database.php(61): CodeIgniter\Database\Database->initDriver()
 2 SYSTEMPATH/Database/Config.php(84): CodeIgniter\Database\Database->load()
 3 SYSTEMPATH/Model.php(155): CodeIgniter\Database\Config::connect()
 4 APPPATH/Controllers/Login.php(14): CodeIgniter\Model->__construct()
 5 SYSTEMPATH/CodeIgniter.php(903): App\Controllers\Login->__construct()
 6 SYSTEMPATH/CodeIgniter.php(498): CodeIgniter\CodeIgniter->createController()
 7 SYSTEMPATH/CodeIgniter.php(354): CodeIgniter\CodeIgniter->handleRequest()
 8 SYSTEMPATH/Boot.php(334): CodeIgniter\CodeIgniter->run()
 9 SYSTEMPATH/Boot.php(67): CodeIgniter\Boot::runCodeIgniter()
10 FCPATH/index.php(56): CodeIgniter\Boot::bootWeb()
11 SYSTEMPATH/rewrite.php(44): require_once('/home/vilson/Área de Trabalho/webserver2/www/codeigniter4/public/index.php')
DEBUG - 2025-04-23 18:12:04 --> Session: Class initialized using 'CodeIgniter\Session\Handlers\FileHandler' driver.
CRITICAL - 2025-04-23 18:12:04 --> Error: Undefined constant "CodeIgniter\Database\MySQLi\MYSQLI_STORE_RESULT"
[Method: GET, Route: login]
in SYSTEMPATH/Database/Database.php on line 143.
 1 SYSTEMPATH/Database/Database.php(61): CodeIgniter\Database\Database->initDriver()
 2 SYSTEMPATH/Database/Config.php(84): CodeIgniter\Database\Database->load()
 3 SYSTEMPATH/Model.php(155): CodeIgniter\Database\Config::connect()
 4 APPPATH/Controllers/Login.php(14): CodeIgniter\Model->__construct()
 5 SYSTEMPATH/CodeIgniter.php(903): App\Controllers\Login->__construct()
 6 SYSTEMPATH/CodeIgniter.php(498): CodeIgniter\CodeIgniter->createController()
 7 SYSTEMPATH/CodeIgniter.php(354): CodeIgniter\CodeIgniter->handleRequest()
 8 SYSTEMPATH/Boot.php(334): CodeIgniter\CodeIgniter->run()
 9 SYSTEMPATH/Boot.php(67): CodeIgniter\Boot::runCodeIgniter()
10 FCPATH/index.php(56): CodeIgniter\Boot::bootWeb()
11 SYSTEMPATH/rewrite.php(44): require_once('/home/vilson/Área de Trabalho/webserver2/www/codeigniter4/public/index.php')
DEBUG - 2025-04-23 18:12:09 --> Session: Class initialized using 'CodeIgniter\Session\Handlers\FileHandler' driver.
DEBUG - 2025-04-23 18:12:12 --> Session: Class initialized using 'CodeIgniter\Session\Handlers\FileHandler' driver.
CRITICAL - 2025-04-23 18:12:12 --> Error: Undefined constant "CodeIgniter\Database\MySQLi\MYSQLI_STORE_RESULT"
[Method: GET, Route: login]
in SYSTEMPATH/Database/Database.php on line 143.
 1 SYSTEMPATH/Database/Database.php(61): CodeIgniter\Database\Database->initDriver()
 2 SYSTEMPATH/Database/Config.php(84): CodeIgniter\Database\Database->load()
 3 SYSTEMPATH/Model.php(155): CodeIgniter\Database\Config::connect()
 4 APPPATH/Controllers/Login.php(14): CodeIgniter\Model->__construct()
 5 SYSTEMPATH/CodeIgniter.php(903): App\Controllers\Login->__construct()
 6 SYSTEMPATH/CodeIgniter.php(498): CodeIgniter\CodeIgniter->createController()
 7 SYSTEMPATH/CodeIgniter.php(354): CodeIgniter\CodeIgniter->handleRequest()
 8 SYSTEMPATH/Boot.php(334): CodeIgniter\CodeIgniter->run()
 9 SYSTEMPATH/Boot.php(67): CodeIgniter\Boot::runCodeIgniter()
10 FCPATH/index.php(56): CodeIgniter\Boot::bootWeb()
11 SYSTEMPATH/rewrite.php(44): require_once('/home/vilson/Área de Trabalho/webserver2/www/codeigniter4/public/index.php')
DEBUG - 2025-04-23 18:13:30 --> Session: Class initialized using 'CodeIgniter\Session\Handlers\FileHandler' driver.
CRITICAL - 2025-04-23 18:13:30 --> Error: Undefined constant "CodeIgniter\Database\MySQLi\MYSQLI_STORE_RESULT"
[Method: GET, Route: login]
in SYSTEMPATH/Database/Database.php on line 143.
 1 SYSTEMPATH/Database/Database.php(61): CodeIgniter\Database\Database->initDriver()
 2 SYSTEMPATH/Database/Config.php(84): CodeIgniter\Database\Database->load()
 3 SYSTEMPATH/Model.php(155): CodeIgniter\Database\Config::connect()
 4 APPPATH/Controllers/Login.php(14): CodeIgniter\Model->__construct()
 5 SYSTEMPATH/CodeIgniter.php(903): App\Controllers\Login->__construct()
 6 SYSTEMPATH/CodeIgniter.php(498): CodeIgniter\CodeIgniter->createController()
 7 SYSTEMPATH/CodeIgniter.php(354): CodeIgniter\CodeIgniter->handleRequest()
 8 SYSTEMPATH/Boot.php(334): CodeIgniter\CodeIgniter->run()
 9 SYSTEMPATH/Boot.php(67): CodeIgniter\Boot::runCodeIgniter()
10 FCPATH/index.php(56): CodeIgniter\Boot::bootWeb()
11 SYSTEMPATH/rewrite.php(44): require_once('/home/vilson/Área de Trabalho/webserver2/www/codeigniter4/public/index.php')
DEBUG - 2025-04-23 18:13:40 --> Session: Class initialized using 'CodeIgniter\Session\Handlers\FileHandler' driver.
CRITICAL - 2025-04-23 18:13:40 --> Error: Undefined constant "CodeIgniter\Database\MySQLi\MYSQLI_STORE_RESULT"
[Method: GET, Route: login]
in SYSTEMPATH/Database/Database.php on line 143.
 1 SYSTEMPATH/Database/Database.php(61): CodeIgniter\Database\Database->initDriver()
 2 SYSTEMPATH/Database/Config.php(84): CodeIgniter\Database\Database->load()
 3 SYSTEMPATH/Model.php(155): CodeIgniter\Database\Config::connect()
 4 APPPATH/Controllers/Login.php(14): CodeIgniter\Model->__construct()
 5 SYSTEMPATH/CodeIgniter.php(903): App\Controllers\Login->__construct()
 6 SYSTEMPATH/CodeIgniter.php(498): CodeIgniter\CodeIgniter->createController()
 7 SYSTEMPATH/CodeIgniter.php(354): CodeIgniter\CodeIgniter->handleRequest()
 8 SYSTEMPATH/Boot.php(334): CodeIgniter\CodeIgniter->run()
 9 SYSTEMPATH/Boot.php(67): CodeIgniter\Boot::runCodeIgniter()
10 FCPATH/index.php(56): CodeIgniter\Boot::bootWeb()
11 SYSTEMPATH/rewrite.php(44): require_once('/home/vilson/Área de Trabalho/webserver2/www/codeigniter4/public/index.php')
DEBUG - 2025-04-23 18:16:43 --> Session: Class initialized using 'CodeIgniter\Session\Handlers\FileHandler' driver.
CRITICAL - 2025-04-23 18:16:43 --> Error: Undefined constant "CodeIgniter\Database\MySQLi\MYSQLI_STORE_RESULT"
[Method: GET, Route: login]
in SYSTEMPATH/Database/Database.php on line 143.
 1 SYSTEMPATH/Database/Database.php(61): CodeIgniter\Database\Database->initDriver()
 2 SYSTEMPATH/Database/Config.php(84): CodeIgniter\Database\Database->load()
 3 SYSTEMPATH/Model.php(155): CodeIgniter\Database\Config::connect()
 4 APPPATH/Controllers/Login.php(14): CodeIgniter\Model->__construct()
 5 SYSTEMPATH/CodeIgniter.php(903): App\Controllers\Login->__construct()
 6 SYSTEMPATH/CodeIgniter.php(498): CodeIgniter\CodeIgniter->createController()
 7 SYSTEMPATH/CodeIgniter.php(354): CodeIgniter\CodeIgniter->handleRequest()
 8 SYSTEMPATH/Boot.php(334): CodeIgniter\CodeIgniter->run()
 9 SYSTEMPATH/Boot.php(67): CodeIgniter\Boot::runCodeIgniter()
10 FCPATH/index.php(56): CodeIgniter\Boot::bootWeb()
11 SYSTEMPATH/rewrite.php(44): require_once('/home/vilson/Área de Trabalho/webserver2/www/codeigniter4/public/index.php')
DEBUG - 2025-04-23 18:17:13 --> Session: Class initialized using 'CodeIgniter\Session\Handlers\FileHandler' driver.
DEBUG - 2025-04-23 18:17:34 --> Session: Class initialized using 'CodeIgniter\Session\Handlers\FileHandler' driver.
ERROR - 2025-04-23 18:17:34 --> mysqli_sql_exception: Unknown column 'usuarios.deleted_at' in 'where clause' in /home/vilson/Área de Trabalho/webserver2/www/codeigniter4/system/Database/MySQLi/Connection.php:327
Stack trace:
#0 /home/vilson/Área de Trabalho/webserver2/www/codeigniter4/system/Database/MySQLi/Connection.php(327): mysqli->query()
#1 /home/vilson/Área de Trabalho/webserver2/www/codeigniter4/system/Database/BaseConnection.php(738): CodeIgniter\Database\MySQLi\Connection->execute()
#2 /home/vilson/Área de Trabalho/webserver2/www/codeigniter4/system/Database/BaseConnection.php(652): CodeIgniter\Database\BaseConnection->simpleQuery()
#3 /home/vilson/Área de Trabalho/webserver2/www/codeigniter4/system/Database/BaseBuilder.php(1649): CodeIgniter\Database\BaseConnection->query()
#4 /home/vilson/Área de Trabalho/webserver2/www/codeigniter4/system/Model.php(213): CodeIgniter\Database\BaseBuilder->get()
#5 /home/vilson/Área de Trabalho/webserver2/www/codeigniter4/system/BaseModel.php(609): CodeIgniter\Model->doFind()
#6 /home/vilson/Área de Trabalho/webserver2/www/codeigniter4/app/Controllers/Login.php(29): CodeIgniter\BaseModel->find()
#7 /home/vilson/Área de Trabalho/webserver2/www/codeigniter4/system/CodeIgniter.php(933): App\Controllers\Login->logar()
#8 /home/vilson/Área de Trabalho/webserver2/www/codeigniter4/system/CodeIgniter.php(507): CodeIgniter\CodeIgniter->runController()
#9 /home/vilson/Área de Trabalho/webserver2/www/codeigniter4/system/CodeIgniter.php(354): CodeIgniter\CodeIgniter->handleRequest()
#10 /home/vilson/Área de Trabalho/webserver2/www/codeigniter4/system/Boot.php(334): CodeIgniter\CodeIgniter->run()
#11 /home/vilson/Área de Trabalho/webserver2/www/codeigniter4/system/Boot.php(67): CodeIgniter\Boot::runCodeIgniter()
#12 /home/vilson/Área de Trabalho/webserver2/www/codeigniter4/public/index.php(56): CodeIgniter\Boot::bootWeb()
#13 /home/vilson/Área de Trabalho/webserver2/www/codeigniter4/system/rewrite.php(44): require_once('...')
#14 {main}
CRITICAL - 2025-04-23 18:17:34 --> CodeIgniter\Database\Exceptions\DatabaseException: Unknown column 'usuarios.deleted_at' in 'where clause'
[Method: POST, Route: login/logar]
in SYSTEMPATH/Database/BaseConnection.php on line 692.
 1 SYSTEMPATH/Database/BaseBuilder.php(1649): CodeIgniter\Database\BaseConnection->query()
 2 SYSTEMPATH/Model.php(213): CodeIgniter\Database\BaseBuilder->get()
 3 SYSTEMPATH/BaseModel.php(609): CodeIgniter\Model->doFind()
 4 APPPATH/Controllers/Login.php(29): CodeIgniter\BaseModel->find()
 5 SYSTEMPATH/CodeIgniter.php(933): App\Controllers\Login->logar()
 6 SYSTEMPATH/CodeIgniter.php(507): CodeIgniter\CodeIgniter->runController()
 7 SYSTEMPATH/CodeIgniter.php(354): CodeIgniter\CodeIgniter->handleRequest()
 8 SYSTEMPATH/Boot.php(334): CodeIgniter\CodeIgniter->run()
 9 SYSTEMPATH/Boot.php(67): CodeIgniter\Boot::runCodeIgniter()
10 FCPATH/index.php(56): CodeIgniter\Boot::bootWeb()
11 SYSTEMPATH/rewrite.php(44): require_once('/home/vilson/Área de Trabalho/webserver2/www/codeigniter4/public/index.php')
CRITICAL - 2025-04-23 18:17:34 --> [Caused by] CodeIgniter\Database\Exceptions\DatabaseException: Unknown column 'usuarios.deleted_at' in 'where clause'
in SYSTEMPATH/Database/MySQLi/Connection.php on line 332.
 1 SYSTEMPATH/Database/BaseConnection.php(738): CodeIgniter\Database\MySQLi\Connection->execute()
 2 SYSTEMPATH/Database/BaseConnection.php(652): CodeIgniter\Database\BaseConnection->simpleQuery()
 3 SYSTEMPATH/Database/BaseBuilder.php(1649): CodeIgniter\Database\BaseConnection->query()
 4 SYSTEMPATH/Model.php(213): CodeIgniter\Database\BaseBuilder->get()
 5 SYSTEMPATH/BaseModel.php(609): CodeIgniter\Model->doFind()
 6 APPPATH/Controllers/Login.php(29): CodeIgniter\BaseModel->find()
 7 SYSTEMPATH/CodeIgniter.php(933): App\Controllers\Login->logar()
 8 SYSTEMPATH/CodeIgniter.php(507): CodeIgniter\CodeIgniter->runController()
 9 SYSTEMPATH/CodeIgniter.php(354): CodeIgniter\CodeIgniter->handleRequest()
10 SYSTEMPATH/Boot.php(334): CodeIgniter\CodeIgniter->run()
11 SYSTEMPATH/Boot.php(67): CodeIgniter\Boot::runCodeIgniter()
12 FCPATH/index.php(56): CodeIgniter\Boot::bootWeb()
13 SYSTEMPATH/rewrite.php(44): require_once('/home/vilson/Área de Trabalho/webserver2/www/codeigniter4/public/index.php')
CRITICAL - 2025-04-23 18:17:34 --> [Caused by] mysqli_sql_exception: Unknown column 'usuarios.deleted_at' in 'where clause'
in SYSTEMPATH/Database/MySQLi/Connection.php on line 327.
 1 SYSTEMPATH/Database/MySQLi/Connection.php(327): mysqli->query()
 2 SYSTEMPATH/Database/BaseConnection.php(738): CodeIgniter\Database\MySQLi\Connection->execute()
 3 SYSTEMPATH/Database/BaseConnection.php(652): CodeIgniter\Database\BaseConnection->simpleQuery()
 4 SYSTEMPATH/Database/BaseBuilder.php(1649): CodeIgniter\Database\BaseConnection->query()
 5 SYSTEMPATH/Model.php(213): CodeIgniter\Database\BaseBuilder->get()
 6 SYSTEMPATH/BaseModel.php(609): CodeIgniter\Model->doFind()
 7 APPPATH/Controllers/Login.php(29): CodeIgniter\BaseModel->find()
 8 SYSTEMPATH/CodeIgniter.php(933): App\Controllers\Login->logar()
 9 SYSTEMPATH/CodeIgniter.php(507): CodeIgniter\CodeIgniter->runController()
10 SYSTEMPATH/CodeIgniter.php(354): CodeIgniter\CodeIgniter->handleRequest()
11 SYSTEMPATH/Boot.php(334): CodeIgniter\CodeIgniter->run()
12 SYSTEMPATH/Boot.php(67): CodeIgniter\Boot::runCodeIgniter()
13 FCPATH/index.php(56): CodeIgniter\Boot::bootWeb()
14 SYSTEMPATH/rewrite.php(44): require_once('/home/vilson/Área de Trabalho/webserver2/www/codeigniter4/public/index.php')
DEBUG - 2025-04-23 18:20:16 --> Session: Class initialized using 'CodeIgniter\Session\Handlers\FileHandler' driver.
DEBUG - 2025-04-23 18:20:19 --> Session: Class initialized using 'CodeIgniter\Session\Handlers\FileHandler' driver.
DEBUG - 2025-04-23 18:20:24 --> Session: Class initialized using 'CodeIgniter\Session\Handlers\FileHandler' driver.
DEBUG - 2025-04-23 18:20:27 --> Session: Class initialized using 'CodeIgniter\Session\Handlers\FileHandler' driver.
ERROR - 2025-04-23 18:20:59 --> mysqli_sql_exception: Unknown column 'usuarios.deleted_at' in 'where clause' in /home/vilson/Área de Trabalho/webserver2/www/codeigniter4/system/Database/MySQLi/Connection.php:327
Stack trace:
#0 /home/vilson/Área de Trabalho/webserver2/www/codeigniter4/system/Database/MySQLi/Connection.php(327): mysqli->query()
#1 /home/vilson/Área de Trabalho/webserver2/www/codeigniter4/system/Database/BaseConnection.php(738): CodeIgniter\Database\MySQLi\Connection->execute()
#2 /home/vilson/Área de Trabalho/webserver2/www/codeigniter4/system/Database/BaseConnection.php(652): CodeIgniter\Database\BaseConnection->simpleQuery()
#3 /home/vilson/Área de Trabalho/webserver2/www/codeigniter4/system/Database/BaseBuilder.php(1649): CodeIgniter\Database\BaseConnection->query()
#4 /home/vilson/Área de Trabalho/webserver2/www/codeigniter4/system/Model.php(286): CodeIgniter\Database\BaseBuilder->get()
#5 /home/vilson/Área de Trabalho/webserver2/www/codeigniter4/system/BaseModel.php(675): CodeIgniter\Model->doFindAll()
#6 /home/vilson/Área de Trabalho/webserver2/www/codeigniter4/app/Controllers/Usuarios.php(17): CodeIgniter\BaseModel->findAll()
#7 /home/vilson/Área de Trabalho/webserver2/www/codeigniter4/system/CodeIgniter.php(933): App\Controllers\Usuarios->index()
#8 /home/vilson/Área de Trabalho/webserver2/www/codeigniter4/system/CodeIgniter.php(507): CodeIgniter\CodeIgniter->runController()
#9 /home/vilson/Área de Trabalho/webserver2/www/codeigniter4/system/CodeIgniter.php(354): CodeIgniter\CodeIgniter->handleRequest()
#10 /home/vilson/Área de Trabalho/webserver2/www/codeigniter4/system/Boot.php(334): CodeIgniter\CodeIgniter->run()
#11 /home/vilson/Área de Trabalho/webserver2/www/codeigniter4/system/Boot.php(67): CodeIgniter\Boot::runCodeIgniter()
#12 /home/vilson/Área de Trabalho/webserver2/www/codeigniter4/public/index.php(56): CodeIgniter\Boot::bootWeb()
#13 /home/vilson/Área de Trabalho/webserver2/www/codeigniter4/system/rewrite.php(44): require_once('...')
#14 {main}
CRITICAL - 2025-04-23 18:20:59 --> CodeIgniter\Database\Exceptions\DatabaseException: Unknown column 'usuarios.deleted_at' in 'where clause'
[Method: GET, Route: usuarios]
in SYSTEMPATH/Database/BaseConnection.php on line 692.
 1 SYSTEMPATH/Database/BaseBuilder.php(1649): CodeIgniter\Database\BaseConnection->query()
 2 SYSTEMPATH/Model.php(286): CodeIgniter\Database\BaseBuilder->get()
 3 SYSTEMPATH/BaseModel.php(675): CodeIgniter\Model->doFindAll()
 4 APPPATH/Controllers/Usuarios.php(17): CodeIgniter\BaseModel->findAll()
 5 SYSTEMPATH/CodeIgniter.php(933): App\Controllers\Usuarios->index()
 6 SYSTEMPATH/CodeIgniter.php(507): CodeIgniter\CodeIgniter->runController()
 7 SYSTEMPATH/CodeIgniter.php(354): CodeIgniter\CodeIgniter->handleRequest()
 8 SYSTEMPATH/Boot.php(334): CodeIgniter\CodeIgniter->run()
 9 SYSTEMPATH/Boot.php(67): CodeIgniter\Boot::runCodeIgniter()
10 FCPATH/index.php(56): CodeIgniter\Boot::bootWeb()
11 SYSTEMPATH/rewrite.php(44): require_once('/home/vilson/Área de Trabalho/webserver2/www/codeigniter4/public/index.php')
CRITICAL - 2025-04-23 18:20:59 --> [Caused by] CodeIgniter\Database\Exceptions\DatabaseException: Unknown column 'usuarios.deleted_at' in 'where clause'
in SYSTEMPATH/Database/MySQLi/Connection.php on line 332.
 1 SYSTEMPATH/Database/BaseConnection.php(738): CodeIgniter\Database\MySQLi\Connection->execute()
 2 SYSTEMPATH/Database/BaseConnection.php(652): CodeIgniter\Database\BaseConnection->simpleQuery()
 3 SYSTEMPATH/Database/BaseBuilder.php(1649): CodeIgniter\Database\BaseConnection->query()
 4 SYSTEMPATH/Model.php(286): CodeIgniter\Database\BaseBuilder->get()
 5 SYSTEMPATH/BaseModel.php(675): CodeIgniter\Model->doFindAll()
 6 APPPATH/Controllers/Usuarios.php(17): CodeIgniter\BaseModel->findAll()
 7 SYSTEMPATH/CodeIgniter.php(933): App\Controllers\Usuarios->index()
 8 SYSTEMPATH/CodeIgniter.php(507): CodeIgniter\CodeIgniter->runController()
 9 SYSTEMPATH/CodeIgniter.php(354): CodeIgniter\CodeIgniter->handleRequest()
10 SYSTEMPATH/Boot.php(334): CodeIgniter\CodeIgniter->run()
11 SYSTEMPATH/Boot.php(67): CodeIgniter\Boot::runCodeIgniter()
12 FCPATH/index.php(56): CodeIgniter\Boot::bootWeb()
13 SYSTEMPATH/rewrite.php(44): require_once('/home/vilson/Área de Trabalho/webserver2/www/codeigniter4/public/index.php')
CRITICAL - 2025-04-23 18:20:59 --> [Caused by] mysqli_sql_exception: Unknown column 'usuarios.deleted_at' in 'where clause'
in SYSTEMPATH/Database/MySQLi/Connection.php on line 327.
 1 SYSTEMPATH/Database/MySQLi/Connection.php(327): mysqli->query()
 2 SYSTEMPATH/Database/BaseConnection.php(738): CodeIgniter\Database\MySQLi\Connection->execute()
 3 SYSTEMPATH/Database/BaseConnection.php(652): CodeIgniter\Database\BaseConnection->simpleQuery()
 4 SYSTEMPATH/Database/BaseBuilder.php(1649): CodeIgniter\Database\BaseConnection->query()
 5 SYSTEMPATH/Model.php(286): CodeIgniter\Database\BaseBuilder->get()
 6 SYSTEMPATH/BaseModel.php(675): CodeIgniter\Model->doFindAll()
 7 APPPATH/Controllers/Usuarios.php(17): CodeIgniter\BaseModel->findAll()
 8 SYSTEMPATH/CodeIgniter.php(933): App\Controllers\Usuarios->index()
 9 SYSTEMPATH/CodeIgniter.php(507): CodeIgniter\CodeIgniter->runController()
10 SYSTEMPATH/CodeIgniter.php(354): CodeIgniter\CodeIgniter->handleRequest()
11 SYSTEMPATH/Boot.php(334): CodeIgniter\CodeIgniter->run()
12 SYSTEMPATH/Boot.php(67): CodeIgniter\Boot::runCodeIgniter()
13 FCPATH/index.php(56): CodeIgniter\Boot::bootWeb()
14 SYSTEMPATH/rewrite.php(44): require_once('/home/vilson/Área de Trabalho/webserver2/www/codeigniter4/public/index.php')
DEBUG - 2025-04-23 18:25:07 --> Session: Class initialized using 'CodeIgniter\Session\Handlers\FileHandler' driver.
DEBUG - 2025-04-23 18:25:17 --> Session: Class initialized using 'CodeIgniter\Session\Handlers\FileHandler' driver.
DEBUG - 2025-04-23 18:56:29 --> Session: Class initialized using 'CodeIgniter\Session\Handlers\FileHandler' driver.
DEBUG - 2025-04-23 18:56:35 --> Session: Class initialized using 'CodeIgniter\Session\Handlers\FileHandler' driver.
ERROR - 2025-04-23 19:17:58 --> mysqli_sql_exception: Table 'categorias' already exists in /home/vilson/Área de Trabalho/webserver2/www/codeigniter4/system/Database/MySQLi/Connection.php:327
Stack trace:
#0 /home/vilson/Área de Trabalho/webserver2/www/codeigniter4/system/Database/MySQLi/Connection.php(327): mysqli->query()
#1 /home/vilson/Área de Trabalho/webserver2/www/codeigniter4/system/Database/BaseConnection.php(738): CodeIgniter\Database\MySQLi\Connection->execute()
#2 /home/vilson/Área de Trabalho/webserver2/www/codeigniter4/system/Database/BaseConnection.php(652): CodeIgniter\Database\BaseConnection->simpleQuery()
#3 /home/vilson/Área de Trabalho/webserver2/www/codeigniter4/system/Database/Forge.php(570): CodeIgniter\Database\BaseConnection->query()
#4 /home/vilson/Área de Trabalho/webserver2/www/codeigniter4/app/Database/Migrations/2025-04-23-000001_Categorias.php(38): CodeIgniter\Database\Forge->createTable()
#5 /home/vilson/Área de Trabalho/webserver2/www/codeigniter4/system/Database/MigrationRunner.php(866): App\Database\Migrations\Categorias->up()
#6 /home/vilson/Área de Trabalho/webserver2/www/codeigniter4/system/Database/MigrationRunner.php(182): CodeIgniter\Database\MigrationRunner->migrate()
#7 /home/vilson/Área de Trabalho/webserver2/www/codeigniter4/system/Commands/Database/Migrate.php(85): CodeIgniter\Database\MigrationRunner->latest()
#8 /home/vilson/Área de Trabalho/webserver2/www/codeigniter4/system/CLI/Commands.php(70): CodeIgniter\Commands\Database\Migrate->run()
#9 /home/vilson/Área de Trabalho/webserver2/www/codeigniter4/system/CLI/Console.php(48): CodeIgniter\CLI\Commands->run()
#10 /home/vilson/Área de Trabalho/webserver2/www/codeigniter4/system/Boot.php(360): CodeIgniter\CLI\Console->run()
#11 /home/vilson/Área de Trabalho/webserver2/www/codeigniter4/system/Boot.php(104): CodeIgniter\Boot::runCommand()
#12 /home/vilson/Área de Trabalho/webserver2/www/codeigniter4/spark(84): CodeIgniter\Boot::bootSpark()
#13 {main}
ERROR - 2025-04-23 19:21:38 --> mysqli_sql_exception: Failed to open the referenced table 'produtos' in /home/vilson/Área de Trabalho/webserver2/www/codeigniter4/system/Database/MySQLi/Connection.php:327
Stack trace:
#0 /home/vilson/Área de Trabalho/webserver2/www/codeigniter4/system/Database/MySQLi/Connection.php(327): mysqli->query()
#1 /home/vilson/Área de Trabalho/webserver2/www/codeigniter4/system/Database/BaseConnection.php(738): CodeIgniter\Database\MySQLi\Connection->execute()
#2 /home/vilson/Área de Trabalho/webserver2/www/codeigniter4/system/Database/BaseConnection.php(652): CodeIgniter\Database\BaseConnection->simpleQuery()
#3 /home/vilson/Área de Trabalho/webserver2/www/codeigniter4/system/Database/Forge.php(570): CodeIgniter\Database\BaseConnection->query()
#4 /home/vilson/Área de Trabalho/webserver2/www/codeigniter4/app/Database/Migrations/2025-04-23-000001_ImgProdutos.php(47): CodeIgniter\Database\Forge->createTable()
#5 /home/vilson/Área de Trabalho/webserver2/www/codeigniter4/system/Database/MigrationRunner.php(866): App\Database\Migrations\ImgProdutos->up()
#6 /home/vilson/Área de Trabalho/webserver2/www/codeigniter4/system/Database/MigrationRunner.php(182): CodeIgniter\Database\MigrationRunner->migrate()
#7 /home/vilson/Área de Trabalho/webserver2/www/codeigniter4/system/Commands/Database/Migrate.php(85): CodeIgniter\Database\MigrationRunner->latest()
#8 /home/vilson/Área de Trabalho/webserver2/www/codeigniter4/system/CLI/Commands.php(70): CodeIgniter\Commands\Database\Migrate->run()
#9 /home/vilson/Área de Trabalho/webserver2/www/codeigniter4/system/CLI/Console.php(48): CodeIgniter\CLI\Commands->run()
#10 /home/vilson/Área de Trabalho/webserver2/www/codeigniter4/system/Boot.php(360): CodeIgniter\CLI\Console->run()
#11 /home/vilson/Área de Trabalho/webserver2/www/codeigniter4/system/Boot.php(104): CodeIgniter\Boot::runCommand()
#12 /home/vilson/Área de Trabalho/webserver2/www/codeigniter4/spark(84): CodeIgniter\Boot::bootSpark()
#13 {main}
ERROR - 2025-04-23 19:23:52 --> mysqli_sql_exception: Failed to open the referenced table 'produtos' in /home/vilson/Área de Trabalho/webserver2/www/codeigniter4/system/Database/MySQLi/Connection.php:327
Stack trace:
#0 /home/vilson/Área de Trabalho/webserver2/www/codeigniter4/system/Database/MySQLi/Connection.php(327): mysqli->query()
#1 /home/vilson/Área de Trabalho/webserver2/www/codeigniter4/system/Database/BaseConnection.php(738): CodeIgniter\Database\MySQLi\Connection->execute()
#2 /home/vilson/Área de Trabalho/webserver2/www/codeigniter4/system/Database/BaseConnection.php(652): CodeIgniter\Database\BaseConnection->simpleQuery()
#3 /home/vilson/Área de Trabalho/webserver2/www/codeigniter4/system/Database/Forge.php(570): CodeIgniter\Database\BaseConnection->query()
#4 /home/vilson/Área de Trabalho/webserver2/www/codeigniter4/app/Database/Migrations/2025-04-23-000001_ImgProdutos.php(47): CodeIgniter\Database\Forge->createTable()
#5 /home/vilson/Área de Trabalho/webserver2/www/codeigniter4/system/Database/MigrationRunner.php(866): App\Database\Migrations\ImgProdutos->up()
#6 /home/vilson/Área de Trabalho/webserver2/www/codeigniter4/system/Database/MigrationRunner.php(182): CodeIgniter\Database\MigrationRunner->migrate()
#7 /home/vilson/Área de Trabalho/webserver2/www/codeigniter4/system/Commands/Database/Migrate.php(85): CodeIgniter\Database\MigrationRunner->latest()
#8 /home/vilson/Área de Trabalho/webserver2/www/codeigniter4/system/CLI/Commands.php(70): CodeIgniter\Commands\Database\Migrate->run()
#9 /home/vilson/Área de Trabalho/webserver2/www/codeigniter4/system/CLI/Console.php(48): CodeIgniter\CLI\Commands->run()
#10 /home/vilson/Área de Trabalho/webserver2/www/codeigniter4/system/Boot.php(360): CodeIgniter\CLI\Console->run()
#11 /home/vilson/Área de Trabalho/webserver2/www/codeigniter4/system/Boot.php(104): CodeIgniter\Boot::runCommand()
#12 /home/vilson/Área de Trabalho/webserver2/www/codeigniter4/spark(84): CodeIgniter\Boot::bootSpark()
#13 {main}
ERROR - 2025-04-23 19:28:37 --> mysqli_sql_exception: Table 'cidades' already exists in /home/vilson/Área de Trabalho/webserver2/www/codeigniter4/system/Database/MySQLi/Connection.php:327
Stack trace:
#0 /home/vilson/Área de Trabalho/webserver2/www/codeigniter4/system/Database/MySQLi/Connection.php(327): mysqli->query()
#1 /home/vilson/Área de Trabalho/webserver2/www/codeigniter4/system/Database/BaseConnection.php(738): CodeIgniter\Database\MySQLi\Connection->execute()
#2 /home/vilson/Área de Trabalho/webserver2/www/codeigniter4/system/Database/BaseConnection.php(652): CodeIgniter\Database\BaseConnection->simpleQuery()
#3 /home/vilson/Área de Trabalho/webserver2/www/codeigniter4/system/Database/Forge.php(570): CodeIgniter\Database\BaseConnection->query()
#4 /home/vilson/Área de Trabalho/webserver2/www/codeigniter4/app/Database/Migrations/2025-04-23-000002_Cidades.php(42): CodeIgniter\Database\Forge->createTable()
#5 /home/vilson/Área de Trabalho/webserver2/www/codeigniter4/system/Database/MigrationRunner.php(866): App\Database\Migrations\Cidades->up()
#6 /home/vilson/Área de Trabalho/webserver2/www/codeigniter4/system/Database/MigrationRunner.php(182): CodeIgniter\Database\MigrationRunner->migrate()
#7 /home/vilson/Área de Trabalho/webserver2/www/codeigniter4/system/Commands/Database/Migrate.php(85): CodeIgniter\Database\MigrationRunner->latest()
#8 /home/vilson/Área de Trabalho/webserver2/www/codeigniter4/system/CLI/Commands.php(70): CodeIgniter\Commands\Database\Migrate->run()
#9 /home/vilson/Área de Trabalho/webserver2/www/codeigniter4/system/CLI/BaseCommand.php(119): CodeIgniter\CLI\Commands->run()
#10 /home/vilson/Área de Trabalho/webserver2/www/codeigniter4/system/Commands/Database/MigrateRefresh.php(87): CodeIgniter\CLI\BaseCommand->call()
#11 /home/vilson/Área de Trabalho/webserver2/www/codeigniter4/system/CLI/Commands.php(70): CodeIgniter\Commands\Database\MigrateRefresh->run()
#12 /home/vilson/Área de Trabalho/webserver2/www/codeigniter4/system/CLI/Console.php(48): CodeIgniter\CLI\Commands->run()
#13 /home/vilson/Área de Trabalho/webserver2/www/codeigniter4/system/Boot.php(360): CodeIgniter\CLI\Console->run()
#14 /home/vilson/Área de Trabalho/webserver2/www/codeigniter4/system/Boot.php(104): CodeIgniter\Boot::runCommand()
#15 /home/vilson/Área de Trabalho/webserver2/www/codeigniter4/spark(84): CodeIgniter\Boot::bootSpark()
#16 {main}
ERROR - 2025-04-23 19:33:00 --> mysqli_sql_exception: Table 'usuarios' already exists in /home/vilson/Área de Trabalho/webserver2/www/codeigniter4/system/Database/MySQLi/Connection.php:327
Stack trace:
#0 /home/vilson/Área de Trabalho/webserver2/www/codeigniter4/system/Database/MySQLi/Connection.php(327): mysqli->query()
#1 /home/vilson/Área de Trabalho/webserver2/www/codeigniter4/system/Database/BaseConnection.php(738): CodeIgniter\Database\MySQLi\Connection->execute()
#2 /home/vilson/Área de Trabalho/webserver2/www/codeigniter4/system/Database/BaseConnection.php(652): CodeIgniter\Database\BaseConnection->simpleQuery()
#3 /home/vilson/Área de Trabalho/webserver2/www/codeigniter4/system/Database/Forge.php(570): CodeIgniter\Database\BaseConnection->query()
#4 /home/vilson/Área de Trabalho/webserver2/www/codeigniter4/app/Database/Migrations/2025-04-23-000003_Usuarios.php(72): CodeIgniter\Database\Forge->createTable()
#5 /home/vilson/Área de Trabalho/webserver2/www/codeigniter4/system/Database/MigrationRunner.php(866): App\Database\Migrations\Usuarios->up()
#6 /home/vilson/Área de Trabalho/webserver2/www/codeigniter4/system/Database/MigrationRunner.php(182): CodeIgniter\Database\MigrationRunner->migrate()
#7 /home/vilson/Área de Trabalho/webserver2/www/codeigniter4/system/Commands/Database/Migrate.php(85): CodeIgniter\Database\MigrationRunner->latest()
#8 /home/vilson/Área de Trabalho/webserver2/www/codeigniter4/system/CLI/Commands.php(70): CodeIgniter\Commands\Database\Migrate->run()
#9 /home/vilson/Área de Trabalho/webserver2/www/codeigniter4/system/CLI/Console.php(48): CodeIgniter\CLI\Commands->run()
#10 /home/vilson/Área de Trabalho/webserver2/www/codeigniter4/system/Boot.php(360): CodeIgniter\CLI\Console->run()
#11 /home/vilson/Área de Trabalho/webserver2/www/codeigniter4/system/Boot.php(104): CodeIgniter\Boot::runCommand()
#12 /home/vilson/Área de Trabalho/webserver2/www/codeigniter4/spark(84): CodeIgniter\Boot::bootSpark()
#13 {main}
DEBUG - 2025-04-23 19:40:10 --> Session: Class initialized using 'CodeIgniter\Session\Handlers\FileHandler' driver.
DEBUG - 2025-04-23 19:40:31 --> Session: Class initialized using 'CodeIgniter\Session\Handlers\FileHandler' driver.
DEBUG - 2025-04-23 20:07:44 --> Session: Class initialized using 'CodeIgniter\Session\Handlers\FileHandler' driver.
DEBUG - 2025-04-23 20:07:46 --> Session: Class initialized using 'CodeIgniter\Session\Handlers\FileHandler' driver.
DEBUG - 2025-04-23 20:07:55 --> Session: Class initialized using 'CodeIgniter\Session\Handlers\FileHandler' driver.
DEBUG - 2025-04-23 20:07:57 --> Session: Class initialized using 'CodeIgniter\Session\Handlers\FileHandler' driver.
DEBUG - 2025-04-23 20:08:02 --> Session: Class initialized using 'CodeIgniter\Session\Handlers\FileHandler' driver.
DEBUG - 2025-04-23 20:08:04 --> Session: Class initialized using 'CodeIgniter\Session\Handlers\FileHandler' driver.
DEBUG - 2025-04-23 20:08:08 --> Session: Class initialized using 'CodeIgniter\Session\Handlers\FileHandler' driver.
DEBUG - 2025-04-23 20:08:09 --> Session: Class initialized using 'CodeIgniter\Session\Handlers\FileHandler' driver.
DEBUG - 2025-04-23 20:08:11 --> Session: Class initialized using 'CodeIgniter\Session\Handlers\FileHandler' driver.
DEBUG - 2025-04-23 20:09:36 --> Session: Class initialized using 'CodeIgniter\Session\Handlers\FileHandler' driver.
DEBUG - 2025-04-23 20:09:38 --> Session: Class initialized using 'CodeIgniter\Session\Handlers\FileHandler' driver.
DEBUG - 2025-04-23 20:09:40 --> Session: Class initialized using 'CodeIgniter\Session\Handlers\FileHandler' driver.
DEBUG - 2025-04-23 20:09:44 --> Session: Class initialized using 'CodeIgniter\Session\Handlers\FileHandler' driver.
DEBUG - 2025-04-23 20:09:49 --> Session: Class initialized using 'CodeIgniter\Session\Handlers\FileHandler' driver.
DEBUG - 2025-04-23 20:14:36 --> Session: Class initialized using 'CodeIgniter\Session\Handlers\FileHandler' driver.
DEBUG - 2025-04-23 20:14:42 --> Session: Class initialized using 'CodeIgniter\Session\Handlers\FileHandler' driver.
DEBUG - 2025-04-23 20:15:07 --> Session: Class initialized using 'CodeIgniter\Session\Handlers\FileHandler' driver.
DEBUG - 2025-04-23 20:15:09 --> Session: Class initialized using 'CodeIgniter\Session\Handlers\FileHandler' driver.
DEBUG - 2025-04-23 20:15:11 --> Session: Class initialized using 'CodeIgniter\Session\Handlers\FileHandler' driver.
DEBUG - 2025-04-23 20:15:20 --> Session: Class initialized using 'CodeIgniter\Session\Handlers\FileHandler' driver.
DEBUG - 2025-04-23 20:15:42 --> Session: Class initialized using 'CodeIgniter\Session\Handlers\FileHandler' driver.
DEBUG - 2025-04-23 20:15:42 --> Session: Class initialized using 'CodeIgniter\Session\Handlers\FileHandler' driver.
DEBUG - 2025-04-23 20:15:56 --> Session: Class initialized using 'CodeIgniter\Session\Handlers\FileHandler' driver.
DEBUG - 2025-04-23 20:16:08 --> Session: Class initialized using 'CodeIgniter\Session\Handlers\FileHandler' driver.
DEBUG - 2025-04-23 20:16:45 --> Session: Class initialized using 'CodeIgniter\Session\Handlers\FileHandler' driver.
DEBUG - 2025-04-23 20:17:19 --> Session: Class initialized using 'CodeIgniter\Session\Handlers\FileHandler' driver.
DEBUG - 2025-04-23 20:17:21 --> Session: Class initialized using 'CodeIgniter\Session\Handlers\FileHandler' driver.
DEBUG - 2025-04-23 20:18:06 --> Session: Class initialized using 'CodeIgniter\Session\Handlers\FileHandler' driver.
DEBUG - 2025-04-23 20:18:14 --> Session: Class initialized using 'CodeIgniter\Session\Handlers\FileHandler' driver.
DEBUG - 2025-04-23 20:18:18 --> Session: Class initialized using 'CodeIgniter\Session\Handlers\FileHandler' driver.
DEBUG - 2025-04-23 20:19:03 --> Session: Class initialized using 'CodeIgniter\Session\Handlers\FileHandler' driver.
DEBUG - 2025-04-23 20:19:36 --> Session: Class initialized using 'CodeIgniter\Session\Handlers\FileHandler' driver.
DEBUG - 2025-04-23 20:27:26 --> Session: Class initialized using 'CodeIgniter\Session\Handlers\FileHandler' driver.
DEBUG - 2025-04-23 20:29:18 --> Session: Class initialized using 'CodeIgniter\Session\Handlers\FileHandler' driver.
DEBUG - 2025-04-23 20:29:37 --> Session: Class initialized using 'CodeIgniter\Session\Handlers\FileHandler' driver.
DEBUG - 2025-04-23 20:43:05 --> Session: Class initialized using 'CodeIgniter\Session\Handlers\FileHandler' driver.
DEBUG - 2025-04-23 20:43:21 --> Session: Class initialized using 'CodeIgniter\Session\Handlers\FileHandler' driver.
DEBUG - 2025-04-23 20:43:41 --> Session: Class initialized using 'CodeIgniter\Session\Handlers\FileHandler' driver.
CRITICAL - 2025-04-23 20:43:41 --> ErrorException: Undefined array key 0
[Method: GET, Route: imgprodutos/edit/assets/css/style.css]
in APPPATH/Controllers/Imgprodutos.php on line 131.
 1 APPPATH/Controllers/Imgprodutos.php(131): CodeIgniter\Debug\Exceptions->errorHandler()
 2 SYSTEMPATH/CodeIgniter.php(933): App\Controllers\Imgprodutos->edit()
 3 SYSTEMPATH/CodeIgniter.php(507): CodeIgniter\CodeIgniter->runController()
 4 SYSTEMPATH/CodeIgniter.php(354): CodeIgniter\CodeIgniter->handleRequest()
 5 SYSTEMPATH/Boot.php(334): CodeIgniter\CodeIgniter->run()
 6 SYSTEMPATH/Boot.php(67): CodeIgniter\Boot::runCodeIgniter()
 7 FCPATH/index.php(56): CodeIgniter\Boot::bootWeb()
 8 SYSTEMPATH/rewrite.php(44): require_once('/home/vilson/Área de Trabalho/webserver2/www/codeigniter4/public/index.php')
CRITICAL - 2025-04-23 20:43:51 --> ErrorException: Undefined array key "imgprodutos_link"
[Method: POST, Route: imgprodutos/update]
in APPPATH/Controllers/Imgprodutos.php on line 143.
 1 APPPATH/Controllers/Imgprodutos.php(143): CodeIgniter\Debug\Exceptions->errorHandler()
 2 SYSTEMPATH/CodeIgniter.php(933): App\Controllers\Imgprodutos->update()
 3 SYSTEMPATH/CodeIgniter.php(507): CodeIgniter\CodeIgniter->runController()
 4 SYSTEMPATH/CodeIgniter.php(354): CodeIgniter\CodeIgniter->handleRequest()
 5 SYSTEMPATH/Boot.php(334): CodeIgniter\CodeIgniter->run()
 6 SYSTEMPATH/Boot.php(67): CodeIgniter\Boot::runCodeIgniter()
 7 FCPATH/index.php(56): CodeIgniter\Boot::bootWeb()
 8 SYSTEMPATH/rewrite.php(44): require_once('/home/vilson/Área de Trabalho/webserver2/www/codeigniter4/public/index.php')
DEBUG - 2025-04-23 20:44:06 --> Session: Class initialized using 'CodeIgniter\Session\Handlers\FileHandler' driver.
CRITICAL - 2025-04-23 20:44:06 --> ErrorException: Undefined array key 0
[Method: GET, Route: imgprodutos/edit/assets/css/style.css]
in APPPATH/Controllers/Imgprodutos.php on line 131.
 1 APPPATH/Controllers/Imgprodutos.php(131): CodeIgniter\Debug\Exceptions->errorHandler()
 2 SYSTEMPATH/CodeIgniter.php(933): App\Controllers\Imgprodutos->edit()
 3 SYSTEMPATH/CodeIgniter.php(507): CodeIgniter\CodeIgniter->runController()
 4 SYSTEMPATH/CodeIgniter.php(354): CodeIgniter\CodeIgniter->handleRequest()
 5 SYSTEMPATH/Boot.php(334): CodeIgniter\CodeIgniter->run()
 6 SYSTEMPATH/Boot.php(67): CodeIgniter\Boot::runCodeIgniter()
 7 FCPATH/index.php(56): CodeIgniter\Boot::bootWeb()
 8 SYSTEMPATH/rewrite.php(44): require_once('/home/vilson/Área de Trabalho/webserver2/www/codeigniter4/public/index.php')
DEBUG - 2025-04-23 20:44:10 --> Session: Class initialized using 'CodeIgniter\Session\Handlers\FileHandler' driver.
DEBUG - 2025-04-23 20:44:17 --> Session: Class initialized using 'CodeIgniter\Session\Handlers\FileHandler' driver.
CRITICAL - 2025-04-23 20:44:18 --> ErrorException: Undefined property: stdClass::$imgprodutos
[Method: GET, Route: imgprodutos/delete/2]
in APPPATH/Controllers/Imgprodutos.php on line 121.
 1 APPPATH/Controllers/Imgprodutos.php(121): CodeIgniter\Debug\Exceptions->errorHandler()
 2 SYSTEMPATH/CodeIgniter.php(933): App\Controllers\Imgprodutos->delete()
 3 SYSTEMPATH/CodeIgniter.php(507): CodeIgniter\CodeIgniter->runController()
 4 SYSTEMPATH/CodeIgniter.php(354): CodeIgniter\CodeIgniter->handleRequest()
 5 SYSTEMPATH/Boot.php(334): CodeIgniter\CodeIgniter->run()
 6 SYSTEMPATH/Boot.php(67): CodeIgniter\Boot::runCodeIgniter()
 7 FCPATH/index.php(56): CodeIgniter\Boot::bootWeb()
 8 SYSTEMPATH/rewrite.php(44): require_once('/home/vilson/Área de Trabalho/webserver2/www/codeigniter4/public/index.php')
DEBUG - 2025-04-23 20:48:20 --> Session: Class initialized using 'CodeIgniter\Session\Handlers\FileHandler' driver.
DEBUG - 2025-04-23 20:48:31 --> Session: Class initialized using 'CodeIgniter\Session\Handlers\FileHandler' driver.
CRITICAL - 2025-04-23 20:48:32 --> ErrorException: Undefined property: stdClass::$imgprodutos
[Method: GET, Route: imgprodutos/delete/1]
in APPPATH/Controllers/Imgprodutos.php on line 121.
 1 APPPATH/Controllers/Imgprodutos.php(121): CodeIgniter\Debug\Exceptions->errorHandler()
 2 SYSTEMPATH/CodeIgniter.php(933): App\Controllers\Imgprodutos->delete()
 3 SYSTEMPATH/CodeIgniter.php(507): CodeIgniter\CodeIgniter->runController()
 4 SYSTEMPATH/CodeIgniter.php(354): CodeIgniter\CodeIgniter->handleRequest()
 5 SYSTEMPATH/Boot.php(334): CodeIgniter\CodeIgniter->run()
 6 SYSTEMPATH/Boot.php(67): CodeIgniter\Boot::runCodeIgniter()
 7 FCPATH/index.php(56): CodeIgniter\Boot::bootWeb()
 8 SYSTEMPATH/rewrite.php(44): require_once('/home/vilson/Área de Trabalho/webserver2/www/codeigniter4/public/index.php')
DEBUG - 2025-04-23 20:50:48 --> Session: Class initialized using 'CodeIgniter\Session\Handlers\FileHandler' driver.
CRITICAL - 2025-04-23 20:50:57 --> ErrorException: Undefined property: stdClass::$imgprodutos
[Method: GET, Route: imgprodutos/delete/1]
in APPPATH/Controllers/Imgprodutos.php on line 121.
 1 APPPATH/Controllers/Imgprodutos.php(121): CodeIgniter\Debug\Exceptions->errorHandler()
 2 SYSTEMPATH/CodeIgniter.php(933): App\Controllers\Imgprodutos->delete()
 3 SYSTEMPATH/CodeIgniter.php(507): CodeIgniter\CodeIgniter->runController()
 4 SYSTEMPATH/CodeIgniter.php(354): CodeIgniter\CodeIgniter->handleRequest()
 5 SYSTEMPATH/Boot.php(334): CodeIgniter\CodeIgniter->run()
 6 SYSTEMPATH/Boot.php(67): CodeIgniter\Boot::runCodeIgniter()
 7 FCPATH/index.php(56): CodeIgniter\Boot::bootWeb()
 8 SYSTEMPATH/rewrite.php(44): require_once('/home/vilson/Área de Trabalho/webserver2/www/codeigniter4/public/index.php')
DEBUG - 2025-04-23 20:54:12 --> Session: Class initialized using 'CodeIgniter\Session\Handlers\FileHandler' driver.
CRITICAL - 2025-04-23 20:54:13 --> ErrorException: Undefined property: stdClass::$produtos_link
[Method: GET, Route: imgprodutos/delete/2]
in APPPATH/Controllers/Imgprodutos.php on line 121.
 1 APPPATH/Controllers/Imgprodutos.php(121): CodeIgniter\Debug\Exceptions->errorHandler()
 2 SYSTEMPATH/CodeIgniter.php(933): App\Controllers\Imgprodutos->delete()
 3 SYSTEMPATH/CodeIgniter.php(507): CodeIgniter\CodeIgniter->runController()
 4 SYSTEMPATH/CodeIgniter.php(354): CodeIgniter\CodeIgniter->handleRequest()
 5 SYSTEMPATH/Boot.php(334): CodeIgniter\CodeIgniter->run()
 6 SYSTEMPATH/Boot.php(67): CodeIgniter\Boot::runCodeIgniter()
 7 FCPATH/index.php(56): CodeIgniter\Boot::bootWeb()
 8 SYSTEMPATH/rewrite.php(44): require_once('/home/vilson/Área de Trabalho/webserver2/www/codeigniter4/public/index.php')
DEBUG - 2025-04-23 20:57:12 --> Session: Class initialized using 'CodeIgniter\Session\Handlers\FileHandler' driver.
DEBUG - 2025-04-23 20:57:16 --> Session: Class initialized using 'CodeIgniter\Session\Handlers\FileHandler' driver.
DEBUG - 2025-04-23 20:58:00 --> Session: Class initialized using 'CodeIgniter\Session\Handlers\FileHandler' driver.
CRITICAL - 2025-04-23 20:58:02 --> ErrorException: Undefined property: stdClass::$imgprodutos
[Method: GET, Route: imgprodutos/delete/2]
in APPPATH/Controllers/Imgprodutos.php on line 121.
 1 APPPATH/Controllers/Imgprodutos.php(121): CodeIgniter\Debug\Exceptions->errorHandler()
 2 SYSTEMPATH/CodeIgniter.php(933): App\Controllers\Imgprodutos->delete()
 3 SYSTEMPATH/CodeIgniter.php(507): CodeIgniter\CodeIgniter->runController()
 4 SYSTEMPATH/CodeIgniter.php(354): CodeIgniter\CodeIgniter->handleRequest()
 5 SYSTEMPATH/Boot.php(334): CodeIgniter\CodeIgniter->run()
 6 SYSTEMPATH/Boot.php(67): CodeIgniter\Boot::runCodeIgniter()
 7 FCPATH/index.php(56): CodeIgniter\Boot::bootWeb()
 8 SYSTEMPATH/rewrite.php(44): require_once('/home/vilson/Área de Trabalho/webserver2/www/codeigniter4/public/index.php')
DEBUG - 2025-04-23 20:58:45 --> Session: Class initialized using 'CodeIgniter\Session\Handlers\FileHandler' driver.
CRITICAL - 2025-04-23 20:58:48 --> ErrorException: Undefined property: stdClass::$imgprodutos
[Method: GET, Route: imgprodutos/delete/2]
in APPPATH/Controllers/Imgprodutos.php on line 121.
 1 APPPATH/Controllers/Imgprodutos.php(121): CodeIgniter\Debug\Exceptions->errorHandler()
 2 SYSTEMPATH/CodeIgniter.php(933): App\Controllers\Imgprodutos->delete()
 3 SYSTEMPATH/CodeIgniter.php(507): CodeIgniter\CodeIgniter->runController()
 4 SYSTEMPATH/CodeIgniter.php(354): CodeIgniter\CodeIgniter->handleRequest()
 5 SYSTEMPATH/Boot.php(334): CodeIgniter\CodeIgniter->run()
 6 SYSTEMPATH/Boot.php(67): CodeIgniter\Boot::runCodeIgniter()
 7 FCPATH/index.php(56): CodeIgniter\Boot::bootWeb()
 8 SYSTEMPATH/rewrite.php(44): require_once('/home/vilson/Área de Trabalho/webserver2/www/codeigniter4/public/index.php')
DEBUG - 2025-04-23 20:59:55 --> Session: Class initialized using 'CodeIgniter\Session\Handlers\FileHandler' driver.
CRITICAL - 2025-04-23 20:59:57 --> ErrorException: Undefined property: stdClass::$imgprodutos
[Method: GET, Route: imgprodutos/delete/2]
in APPPATH/Controllers/Imgprodutos.php on line 122.
 1 APPPATH/Controllers/Imgprodutos.php(122): CodeIgniter\Debug\Exceptions->errorHandler()
 2 SYSTEMPATH/CodeIgniter.php(933): App\Controllers\Imgprodutos->delete()
 3 SYSTEMPATH/CodeIgniter.php(507): CodeIgniter\CodeIgniter->runController()
 4 SYSTEMPATH/CodeIgniter.php(354): CodeIgniter\CodeIgniter->handleRequest()
 5 SYSTEMPATH/Boot.php(334): CodeIgniter\CodeIgniter->run()
 6 SYSTEMPATH/Boot.php(67): CodeIgniter\Boot::runCodeIgniter()
 7 FCPATH/index.php(56): CodeIgniter\Boot::bootWeb()
 8 SYSTEMPATH/rewrite.php(44): require_once('/home/vilson/Área de Trabalho/webserver2/www/codeigniter4/public/index.php')
DEBUG - 2025-04-23 21:00:50 --> Session: Class initialized using 'CodeIgniter\Session\Handlers\FileHandler' driver.
DEBUG - 2025-04-23 21:02:51 --> Session: Class initialized using 'CodeIgniter\Session\Handlers\FileHandler' driver.
CRITICAL - 2025-04-23 21:02:56 --> ErrorException: Undefined property: stdClass::$imgprodutos
[Method: GET, Route: imgprodutos/delete/2]
in APPPATH/Controllers/Imgprodutos.php on line 121.
 1 APPPATH/Controllers/Imgprodutos.php(121): CodeIgniter\Debug\Exceptions->errorHandler()
 2 SYSTEMPATH/CodeIgniter.php(933): App\Controllers\Imgprodutos->delete()
 3 SYSTEMPATH/CodeIgniter.php(507): CodeIgniter\CodeIgniter->runController()
 4 SYSTEMPATH/CodeIgniter.php(354): CodeIgniter\CodeIgniter->handleRequest()
 5 SYSTEMPATH/Boot.php(334): CodeIgniter\CodeIgniter->run()
 6 SYSTEMPATH/Boot.php(67): CodeIgniter\Boot::runCodeIgniter()
 7 FCPATH/index.php(56): CodeIgniter\Boot::bootWeb()
 8 SYSTEMPATH/rewrite.php(44): require_once('/home/vilson/Área de Trabalho/webserver2/www/codeigniter4/public/index.php')
DEBUG - 2025-04-23 21:03:05 --> Session: Class initialized using 'CodeIgniter\Session\Handlers\FileHandler' driver.
DEBUG - 2025-04-23 21:04:11 --> Session: Class initialized using 'CodeIgniter\Session\Handlers\FileHandler' driver.
CRITICAL - 2025-04-23 21:04:16 --> ErrorException: Undefined property: stdClass::$produtos_link
[Method: GET, Route: imgprodutos/delete/2]
in APPPATH/Controllers/Imgprodutos.php on line 121.
 1 APPPATH/Controllers/Imgprodutos.php(121): CodeIgniter\Debug\Exceptions->errorHandler()
 2 SYSTEMPATH/CodeIgniter.php(933): App\Controllers\Imgprodutos->delete()
 3 SYSTEMPATH/CodeIgniter.php(507): CodeIgniter\CodeIgniter->runController()
 4 SYSTEMPATH/CodeIgniter.php(354): CodeIgniter\CodeIgniter->handleRequest()
 5 SYSTEMPATH/Boot.php(334): CodeIgniter\CodeIgniter->run()
 6 SYSTEMPATH/Boot.php(67): CodeIgniter\Boot::runCodeIgniter()
 7 FCPATH/index.php(56): CodeIgniter\Boot::bootWeb()
 8 SYSTEMPATH/rewrite.php(44): require_once('/home/vilson/Área de Trabalho/webserver2/www/codeigniter4/public/index.php')
DEBUG - 2025-04-23 21:05:02 --> Session: Class initialized using 'CodeIgniter\Session\Handlers\FileHandler' driver.
CRITICAL - 2025-04-23 21:05:05 --> Error: Object of class stdClass could not be converted to string
[Method: GET, Route: imgprodutos/delete/2]
in APPPATH/Controllers/Imgprodutos.php on line 121.
 1 SYSTEMPATH/CodeIgniter.php(933): App\Controllers\Imgprodutos->delete()
 2 SYSTEMPATH/CodeIgniter.php(507): CodeIgniter\CodeIgniter->runController()
 3 SYSTEMPATH/CodeIgniter.php(354): CodeIgniter\CodeIgniter->handleRequest()
 4 SYSTEMPATH/Boot.php(334): CodeIgniter\CodeIgniter->run()
 5 SYSTEMPATH/Boot.php(67): CodeIgniter\Boot::runCodeIgniter()
 6 FCPATH/index.php(56): CodeIgniter\Boot::bootWeb()
 7 SYSTEMPATH/rewrite.php(44): require_once('/home/vilson/Área de Trabalho/webserver2/www/codeigniter4/public/index.php')
DEBUG - 2025-04-23 21:06:25 --> Session: Class initialized using 'CodeIgniter\Session\Handlers\FileHandler' driver.
DEBUG - 2025-04-23 21:08:30 --> Session: Class initialized using 'CodeIgniter\Session\Handlers\FileHandler' driver.
DEBUG - 2025-04-23 21:09:39 --> Session: Class initialized using 'CodeIgniter\Session\Handlers\FileHandler' driver.
DEBUG - 2025-04-23 21:09:41 --> Session: Class initialized using 'CodeIgniter\Session\Handlers\FileHandler' driver.
CRITICAL - 2025-04-23 21:09:41 --> ErrorException: Undefined array key 0
[Method: GET, Route: imgprodutos/delete/assets/css/style.css]
in APPPATH/Controllers/Imgprodutos.php on line 117.
 1 APPPATH/Controllers/Imgprodutos.php(117): CodeIgniter\Debug\Exceptions->errorHandler()
 2 SYSTEMPATH/CodeIgniter.php(933): App\Controllers\Imgprodutos->delete()
 3 SYSTEMPATH/CodeIgniter.php(507): CodeIgniter\CodeIgniter->runController()
 4 SYSTEMPATH/CodeIgniter.php(354): CodeIgniter\CodeIgniter->handleRequest()
 5 SYSTEMPATH/Boot.php(334): CodeIgniter\CodeIgniter->run()
 6 SYSTEMPATH/Boot.php(67): CodeIgniter\Boot::runCodeIgniter()
 7 FCPATH/index.php(56): CodeIgniter\Boot::bootWeb()
 8 SYSTEMPATH/rewrite.php(44): require_once('/home/vilson/Área de Trabalho/webserver2/www/codeigniter4/public/index.php')
DEBUG - 2025-04-23 21:10:39 --> Session: Class initialized using 'CodeIgniter\Session\Handlers\FileHandler' driver.
DEBUG - 2025-04-23 21:10:53 --> Session: Class initialized using 'CodeIgniter\Session\Handlers\FileHandler' driver.
DEBUG - 2025-04-23 21:11:09 --> Session: Class initialized using 'CodeIgniter\Session\Handlers\FileHandler' driver.
DEBUG - 2025-04-23 21:11:44 --> Session: Class initialized using 'CodeIgniter\Session\Handlers\FileHandler' driver.
CRITICAL - 2025-04-23 21:11:45 --> ErrorException: Undefined array key 0
[Method: GET, Route: imgprodutos/delete/assets/css/style.css]
in APPPATH/Controllers/Imgprodutos.php on line 117.
 1 APPPATH/Controllers/Imgprodutos.php(117): CodeIgniter\Debug\Exceptions->errorHandler()
 2 SYSTEMPATH/CodeIgniter.php(933): App\Controllers\Imgprodutos->delete()
 3 SYSTEMPATH/CodeIgniter.php(507): CodeIgniter\CodeIgniter->runController()
 4 SYSTEMPATH/CodeIgniter.php(354): CodeIgniter\CodeIgniter->handleRequest()
 5 SYSTEMPATH/Boot.php(334): CodeIgniter\CodeIgniter->run()
 6 SYSTEMPATH/Boot.php(67): CodeIgniter\Boot::runCodeIgniter()
 7 FCPATH/index.php(56): CodeIgniter\Boot::bootWeb()
 8 SYSTEMPATH/rewrite.php(44): require_once('/home/vilson/Área de Trabalho/webserver2/www/codeigniter4/public/index.php')
DEBUG - 2025-04-23 23:22:51 --> Session: Class initialized using 'CodeIgniter\Session\Handlers\FileHandler' driver.
WARNING - 2025-04-23 23:29:40 --> [DEPRECATED] Function utf8_decode() is deprecated in APPPATH\Controllers\Relatorios.php on line 29.
 1 SYSTEMPATH\CodeIgniter.php(933): App\Controllers\Relatorios->index()
 2 SYSTEMPATH\CodeIgniter.php(507): CodeIgniter\CodeIgniter->runController(Object(App\Controllers\Relatorios))
 3 SYSTEMPATH\CodeIgniter.php(354): CodeIgniter\CodeIgniter->handleRequest(null, Object(Config\Cache), false)
 4 SYSTEMPATH\Boot.php(334): CodeIgniter\CodeIgniter->run()
 5 SYSTEMPATH\Boot.php(67): CodeIgniter\Boot::runCodeIgniter(Object(CodeIgniter\CodeIgniter))
 6 FCPATH\index.php(56): CodeIgniter\Boot::bootWeb(Object(Config\Paths))
 7 SYSTEMPATH\rewrite.php(44): require_once('C:\\xampp\\htdocs\\codeigniter4\\public\\index.php')
WARNING - 2025-04-23 23:29:40 --> [DEPRECATED] Function utf8_decode() is deprecated in APPPATH\Controllers\Relatorios.php on line 50.
 1 SYSTEMPATH\CodeIgniter.php(933): App\Controllers\Relatorios->index()
 2 SYSTEMPATH\CodeIgniter.php(507): CodeIgniter\CodeIgniter->runController(Object(App\Controllers\Relatorios))
 3 SYSTEMPATH\CodeIgniter.php(354): CodeIgniter\CodeIgniter->handleRequest(null, Object(Config\Cache), false)
 4 SYSTEMPATH\Boot.php(334): CodeIgniter\CodeIgniter->run()
 5 SYSTEMPATH\Boot.php(67): CodeIgniter\Boot::runCodeIgniter(Object(CodeIgniter\CodeIgniter))
 6 FCPATH\index.php(56): CodeIgniter\Boot::bootWeb(Object(Config\Paths))
 7 SYSTEMPATH\rewrite.php(44): require_once('C:\\xampp\\htdocs\\codeigniter4\\public\\index.php')
WARNING - 2025-04-23 23:29:40 --> [DEPRECATED] Function utf8_decode() is deprecated in APPPATH\Controllers\Relatorios.php on line 51.
 1 SYSTEMPATH\CodeIgniter.php(933): App\Controllers\Relatorios->index()
 2 SYSTEMPATH\CodeIgniter.php(507): CodeIgniter\CodeIgniter->runController(Object(App\Controllers\Relatorios))
 3 SYSTEMPATH\CodeIgniter.php(354): CodeIgniter\CodeIgniter->handleRequest(null, Object(Config\Cache), false)
 4 SYSTEMPATH\Boot.php(334): CodeIgniter\CodeIgniter->run()
 5 SYSTEMPATH\Boot.php(67): CodeIgniter\Boot::runCodeIgniter(Object(CodeIgniter\CodeIgniter))
 6 FCPATH\index.php(56): CodeIgniter\Boot::bootWeb(Object(Config\Paths))
 7 SYSTEMPATH\rewrite.php(44): require_once('C:\\xampp\\htdocs\\codeigniter4\\public\\index.php')
WARNING - 2025-04-23 23:29:40 --> [DEPRECATED] Function utf8_decode() is deprecated in APPPATH\Libraries\RelatorioPDF.php on line 21.
 1 APPPATH\Libraries\fpdf\fpdf.php(279): RelatorioPDF->Footer()
 2 APPPATH\Libraries\fpdf\fpdf.php(988): FPDF->Close()
 3 APPPATH\Controllers\Relatorios.php(55): FPDF->Output('I', 'RelatorioUsuarios.pdf')
 4 SYSTEMPATH\CodeIgniter.php(933): App\Controllers\Relatorios->index()
 5 SYSTEMPATH\CodeIgniter.php(507): CodeIgniter\CodeIgniter->runController(Object(App\Controllers\Relatorios))
 6 SYSTEMPATH\CodeIgniter.php(354): CodeIgniter\CodeIgniter->handleRequest(null, Object(Config\Cache), false)
 7 SYSTEMPATH\Boot.php(334): CodeIgniter\CodeIgniter->run()
 8 SYSTEMPATH\Boot.php(67): CodeIgniter\Boot::runCodeIgniter(Object(CodeIgniter\CodeIgniter))
 9 FCPATH\index.php(56): CodeIgniter\Boot::bootWeb(Object(Config\Paths))
10 SYSTEMPATH\rewrite.php(44): require_once('C:\\xampp\\htdocs\\codeigniter4\\public\\index.php')
WARNING - 2025-04-23 23:38:48 --> [DEPRECATED] Function utf8_decode() is deprecated in APPPATH\Controllers\Relatorios.php on line 32.
 1 SYSTEMPATH\CodeIgniter.php(933): App\Controllers\Relatorios->index()
 2 SYSTEMPATH\CodeIgniter.php(507): CodeIgniter\CodeIgniter->runController(Object(App\Controllers\Relatorios))
 3 SYSTEMPATH\CodeIgniter.php(354): CodeIgniter\CodeIgniter->handleRequest(null, Object(Config\Cache), false)
 4 SYSTEMPATH\Boot.php(334): CodeIgniter\CodeIgniter->run()
 5 SYSTEMPATH\Boot.php(67): CodeIgniter\Boot::runCodeIgniter(Object(CodeIgniter\CodeIgniter))
 6 FCPATH\index.php(56): CodeIgniter\Boot::bootWeb(Object(Config\Paths))
 7 SYSTEMPATH\rewrite.php(44): require_once('C:\\xampp\\htdocs\\codeigniter4\\public\\index.php')
WARNING - 2025-04-23 23:38:48 --> [DEPRECATED] Function utf8_decode() is deprecated in APPPATH\Controllers\Relatorios.php on line 53.
 1 SYSTEMPATH\CodeIgniter.php(933): App\Controllers\Relatorios->index()
 2 SYSTEMPATH\CodeIgniter.php(507): CodeIgniter\CodeIgniter->runController(Object(App\Controllers\Relatorios))
 3 SYSTEMPATH\CodeIgniter.php(354): CodeIgniter\CodeIgniter->handleRequest(null, Object(Config\Cache), false)
 4 SYSTEMPATH\Boot.php(334): CodeIgniter\CodeIgniter->run()
 5 SYSTEMPATH\Boot.php(67): CodeIgniter\Boot::runCodeIgniter(Object(CodeIgniter\CodeIgniter))
 6 FCPATH\index.php(56): CodeIgniter\Boot::bootWeb(Object(Config\Paths))
 7 SYSTEMPATH\rewrite.php(44): require_once('C:\\xampp\\htdocs\\codeigniter4\\public\\index.php')
WARNING - 2025-04-23 23:38:48 --> [DEPRECATED] Function utf8_decode() is deprecated in APPPATH\Controllers\Relatorios.php on line 54.
 1 SYSTEMPATH\CodeIgniter.php(933): App\Controllers\Relatorios->index()
 2 SYSTEMPATH\CodeIgniter.php(507): CodeIgniter\CodeIgniter->runController(Object(App\Controllers\Relatorios))
 3 SYSTEMPATH\CodeIgniter.php(354): CodeIgniter\CodeIgniter->handleRequest(null, Object(Config\Cache), false)
 4 SYSTEMPATH\Boot.php(334): CodeIgniter\CodeIgniter->run()
 5 SYSTEMPATH\Boot.php(67): CodeIgniter\Boot::runCodeIgniter(Object(CodeIgniter\CodeIgniter))
 6 FCPATH\index.php(56): CodeIgniter\Boot::bootWeb(Object(Config\Paths))
 7 SYSTEMPATH\rewrite.php(44): require_once('C:\\xampp\\htdocs\\codeigniter4\\public\\index.php')
WARNING - 2025-04-23 23:38:48 --> [DEPRECATED] Function utf8_decode() is deprecated in APPPATH\Libraries\RelatorioPDF.php on line 21.
 1 APPPATH\Libraries\fpdf\fpdf.php(279): RelatorioPDF->Footer()
 2 APPPATH\Libraries\fpdf\fpdf.php(988): FPDF->Close()
 3 APPPATH\Controllers\Relatorios.php(58): FPDF->Output('I', 'RelatorioUsuarios.pdf')
 4 SYSTEMPATH\CodeIgniter.php(933): App\Controllers\Relatorios->index()
 5 SYSTEMPATH\CodeIgniter.php(507): CodeIgniter\CodeIgniter->runController(Object(App\Controllers\Relatorios))
 6 SYSTEMPATH\CodeIgniter.php(354): CodeIgniter\CodeIgniter->handleRequest(null, Object(Config\Cache), false)
 7 SYSTEMPATH\Boot.php(334): CodeIgniter\CodeIgniter->run()
 8 SYSTEMPATH\Boot.php(67): CodeIgniter\Boot::runCodeIgniter(Object(CodeIgniter\CodeIgniter))
 9 FCPATH\index.php(56): CodeIgniter\Boot::bootWeb(Object(Config\Paths))
10 SYSTEMPATH\rewrite.php(44): require_once('C:\\xampp\\htdocs\\codeigniter4\\public\\index.php')
WARNING - 2025-04-23 23:40:23 --> [DEPRECATED] Function utf8_decode() is deprecated in APPPATH\Controllers\Relatorios.php on line 74.
 1 SYSTEMPATH\CodeIgniter.php(933): App\Controllers\Relatorios->relatorioProdutos()
 2 SYSTEMPATH\CodeIgniter.php(507): CodeIgniter\CodeIgniter->runController(Object(App\Controllers\Relatorios))
 3 SYSTEMPATH\CodeIgniter.php(354): CodeIgniter\CodeIgniter->handleRequest(null, Object(Config\Cache), false)
 4 SYSTEMPATH\Boot.php(334): CodeIgniter\CodeIgniter->run()
 5 SYSTEMPATH\Boot.php(67): CodeIgniter\Boot::runCodeIgniter(Object(CodeIgniter\CodeIgniter))
 6 FCPATH\index.php(56): CodeIgniter\Boot::bootWeb(Object(Config\Paths))
 7 SYSTEMPATH\rewrite.php(44): require_once('C:\\xampp\\htdocs\\codeigniter4\\public\\index.php')
WARNING - 2025-04-23 23:41:01 --> [DEPRECATED] Function utf8_decode() is deprecated in APPPATH\Controllers\Relatorios.php on line 74.
 1 SYSTEMPATH\CodeIgniter.php(933): App\Controllers\Relatorios->relatorioProdutos()
 2 SYSTEMPATH\CodeIgniter.php(507): CodeIgniter\CodeIgniter->runController(Object(App\Controllers\Relatorios))
 3 SYSTEMPATH\CodeIgniter.php(354): CodeIgniter\CodeIgniter->handleRequest(null, Object(Config\Cache), false)
 4 SYSTEMPATH\Boot.php(334): CodeIgniter\CodeIgniter->run()
 5 SYSTEMPATH\Boot.php(67): CodeIgniter\Boot::runCodeIgniter(Object(CodeIgniter\CodeIgniter))
 6 FCPATH\index.php(56): CodeIgniter\Boot::bootWeb(Object(Config\Paths))
 7 SYSTEMPATH\rewrite.php(44): require_once('C:\\xampp\\htdocs\\codeigniter4\\public\\index.php')
WARNING - 2025-04-23 23:41:26 --> [DEPRECATED] Function utf8_decode() is deprecated in APPPATH\Controllers\Relatorios.php on line 32.
 1 SYSTEMPATH\CodeIgniter.php(933): App\Controllers\Relatorios->index()
 2 SYSTEMPATH\CodeIgniter.php(507): CodeIgniter\CodeIgniter->runController(Object(App\Controllers\Relatorios))
 3 SYSTEMPATH\CodeIgniter.php(354): CodeIgniter\CodeIgniter->handleRequest(null, Object(Config\Cache), false)
 4 SYSTEMPATH\Boot.php(334): CodeIgniter\CodeIgniter->run()
 5 SYSTEMPATH\Boot.php(67): CodeIgniter\Boot::runCodeIgniter(Object(CodeIgniter\CodeIgniter))
 6 FCPATH\index.php(56): CodeIgniter\Boot::bootWeb(Object(Config\Paths))
 7 SYSTEMPATH\rewrite.php(44): require_once('C:\\xampp\\htdocs\\codeigniter4\\public\\index.php')
WARNING - 2025-04-23 23:41:26 --> [DEPRECATED] Function utf8_decode() is deprecated in APPPATH\Controllers\Relatorios.php on line 53.
 1 SYSTEMPATH\CodeIgniter.php(933): App\Controllers\Relatorios->index()
 2 SYSTEMPATH\CodeIgniter.php(507): CodeIgniter\CodeIgniter->runController(Object(App\Controllers\Relatorios))
 3 SYSTEMPATH\CodeIgniter.php(354): CodeIgniter\CodeIgniter->handleRequest(null, Object(Config\Cache), false)
 4 SYSTEMPATH\Boot.php(334): CodeIgniter\CodeIgniter->run()
 5 SYSTEMPATH\Boot.php(67): CodeIgniter\Boot::runCodeIgniter(Object(CodeIgniter\CodeIgniter))
 6 FCPATH\index.php(56): CodeIgniter\Boot::bootWeb(Object(Config\Paths))
 7 SYSTEMPATH\rewrite.php(44): require_once('C:\\xampp\\htdocs\\codeigniter4\\public\\index.php')
WARNING - 2025-04-23 23:41:26 --> [DEPRECATED] Function utf8_decode() is deprecated in APPPATH\Controllers\Relatorios.php on line 54.
 1 SYSTEMPATH\CodeIgniter.php(933): App\Controllers\Relatorios->index()
 2 SYSTEMPATH\CodeIgniter.php(507): CodeIgniter\CodeIgniter->runController(Object(App\Controllers\Relatorios))
 3 SYSTEMPATH\CodeIgniter.php(354): CodeIgniter\CodeIgniter->handleRequest(null, Object(Config\Cache), false)
 4 SYSTEMPATH\Boot.php(334): CodeIgniter\CodeIgniter->run()
 5 SYSTEMPATH\Boot.php(67): CodeIgniter\Boot::runCodeIgniter(Object(CodeIgniter\CodeIgniter))
 6 FCPATH\index.php(56): CodeIgniter\Boot::bootWeb(Object(Config\Paths))
 7 SYSTEMPATH\rewrite.php(44): require_once('C:\\xampp\\htdocs\\codeigniter4\\public\\index.php')
WARNING - 2025-04-23 23:41:26 --> [DEPRECATED] Function utf8_decode() is deprecated in APPPATH\Libraries\RelatorioPDF.php on line 21.
 1 APPPATH\Libraries\fpdf\fpdf.php(279): RelatorioPDF->Footer()
 2 APPPATH\Libraries\fpdf\fpdf.php(988): FPDF->Close()
 3 APPPATH\Controllers\Relatorios.php(58): FPDF->Output('I', 'RelatorioUsuarios.pdf')
 4 SYSTEMPATH\CodeIgniter.php(933): App\Controllers\Relatorios->index()
 5 SYSTEMPATH\CodeIgniter.php(507): CodeIgniter\CodeIgniter->runController(Object(App\Controllers\Relatorios))
 6 SYSTEMPATH\CodeIgniter.php(354): CodeIgniter\CodeIgniter->handleRequest(null, Object(Config\Cache), false)
 7 SYSTEMPATH\Boot.php(334): CodeIgniter\CodeIgniter->run()
 8 SYSTEMPATH\Boot.php(67): CodeIgniter\Boot::runCodeIgniter(Object(CodeIgniter\CodeIgniter))
 9 FCPATH\index.php(56): CodeIgniter\Boot::bootWeb(Object(Config\Paths))
10 SYSTEMPATH\rewrite.php(44): require_once('C:\\xampp\\htdocs\\codeigniter4\\public\\index.php')
WARNING - 2025-04-23 23:41:31 --> [DEPRECATED] Function utf8_decode() is deprecated in APPPATH\Controllers\Relatorios.php on line 32.
 1 SYSTEMPATH\CodeIgniter.php(933): App\Controllers\Relatorios->index()
 2 SYSTEMPATH\CodeIgniter.php(507): CodeIgniter\CodeIgniter->runController(Object(App\Controllers\Relatorios))
 3 SYSTEMPATH\CodeIgniter.php(354): CodeIgniter\CodeIgniter->handleRequest(null, Object(Config\Cache), false)
 4 SYSTEMPATH\Boot.php(334): CodeIgniter\CodeIgniter->run()
 5 SYSTEMPATH\Boot.php(67): CodeIgniter\Boot::runCodeIgniter(Object(CodeIgniter\CodeIgniter))
 6 FCPATH\index.php(56): CodeIgniter\Boot::bootWeb(Object(Config\Paths))
 7 SYSTEMPATH\rewrite.php(44): require_once('C:\\xampp\\htdocs\\codeigniter4\\public\\index.php')
WARNING - 2025-04-23 23:41:31 --> [DEPRECATED] Function utf8_decode() is deprecated in APPPATH\Controllers\Relatorios.php on line 53.
 1 SYSTEMPATH\CodeIgniter.php(933): App\Controllers\Relatorios->index()
 2 SYSTEMPATH\CodeIgniter.php(507): CodeIgniter\CodeIgniter->runController(Object(App\Controllers\Relatorios))
 3 SYSTEMPATH\CodeIgniter.php(354): CodeIgniter\CodeIgniter->handleRequest(null, Object(Config\Cache), false)
 4 SYSTEMPATH\Boot.php(334): CodeIgniter\CodeIgniter->run()
 5 SYSTEMPATH\Boot.php(67): CodeIgniter\Boot::runCodeIgniter(Object(CodeIgniter\CodeIgniter))
 6 FCPATH\index.php(56): CodeIgniter\Boot::bootWeb(Object(Config\Paths))
 7 SYSTEMPATH\rewrite.php(44): require_once('C:\\xampp\\htdocs\\codeigniter4\\public\\index.php')
WARNING - 2025-04-23 23:41:31 --> [DEPRECATED] Function utf8_decode() is deprecated in APPPATH\Controllers\Relatorios.php on line 54.
 1 SYSTEMPATH\CodeIgniter.php(933): App\Controllers\Relatorios->index()
 2 SYSTEMPATH\CodeIgniter.php(507): CodeIgniter\CodeIgniter->runController(Object(App\Controllers\Relatorios))
 3 SYSTEMPATH\CodeIgniter.php(354): CodeIgniter\CodeIgniter->handleRequest(null, Object(Config\Cache), false)
 4 SYSTEMPATH\Boot.php(334): CodeIgniter\CodeIgniter->run()
 5 SYSTEMPATH\Boot.php(67): CodeIgniter\Boot::runCodeIgniter(Object(CodeIgniter\CodeIgniter))
 6 FCPATH\index.php(56): CodeIgniter\Boot::bootWeb(Object(Config\Paths))
 7 SYSTEMPATH\rewrite.php(44): require_once('C:\\xampp\\htdocs\\codeigniter4\\public\\index.php')
WARNING - 2025-04-23 23:41:31 --> [DEPRECATED] Function utf8_decode() is deprecated in APPPATH\Libraries\RelatorioPDF.php on line 21.
 1 APPPATH\Libraries\fpdf\fpdf.php(279): RelatorioPDF->Footer()
 2 APPPATH\Libraries\fpdf\fpdf.php(988): FPDF->Close()
 3 APPPATH\Controllers\Relatorios.php(58): FPDF->Output('I', 'RelatorioUsuarios.pdf')
 4 SYSTEMPATH\CodeIgniter.php(933): App\Controllers\Relatorios->index()
 5 SYSTEMPATH\CodeIgniter.php(507): CodeIgniter\CodeIgniter->runController(Object(App\Controllers\Relatorios))
 6 SYSTEMPATH\CodeIgniter.php(354): CodeIgniter\CodeIgniter->handleRequest(null, Object(Config\Cache), false)
 7 SYSTEMPATH\Boot.php(334): CodeIgniter\CodeIgniter->run()
 8 SYSTEMPATH\Boot.php(67): CodeIgniter\Boot::runCodeIgniter(Object(CodeIgniter\CodeIgniter))
 9 FCPATH\index.php(56): CodeIgniter\Boot::bootWeb(Object(Config\Paths))
10 SYSTEMPATH\rewrite.php(44): require_once('C:\\xampp\\htdocs\\codeigniter4\\public\\index.php')
WARNING - 2025-04-23 23:41:34 --> [DEPRECATED] Function utf8_decode() is deprecated in APPPATH\Controllers\Relatorios.php on line 74.
 1 SYSTEMPATH\CodeIgniter.php(933): App\Controllers\Relatorios->relatorioProdutos()
 2 SYSTEMPATH\CodeIgniter.php(507): CodeIgniter\CodeIgniter->runController(Object(App\Controllers\Relatorios))
 3 SYSTEMPATH\CodeIgniter.php(354): CodeIgniter\CodeIgniter->handleRequest(null, Object(Config\Cache), false)
 4 SYSTEMPATH\Boot.php(334): CodeIgniter\CodeIgniter->run()
 5 SYSTEMPATH\Boot.php(67): CodeIgniter\Boot::runCodeIgniter(Object(CodeIgniter\CodeIgniter))
 6 FCPATH\index.php(56): CodeIgniter\Boot::bootWeb(Object(Config\Paths))
 7 SYSTEMPATH\rewrite.php(44): require_once('C:\\xampp\\htdocs\\codeigniter4\\public\\index.php')
WARNING - 2025-04-23 23:43:02 --> [DEPRECATED] Function utf8_decode() is deprecated in APPPATH\Controllers\Relatorios.php on line 74.
 1 SYSTEMPATH\CodeIgniter.php(933): App\Controllers\Relatorios->relatorioProdutos()
 2 SYSTEMPATH\CodeIgniter.php(507): CodeIgniter\CodeIgniter->runController(Object(App\Controllers\Relatorios))
 3 SYSTEMPATH\CodeIgniter.php(354): CodeIgniter\CodeIgniter->handleRequest(null, Object(Config\Cache), false)
 4 SYSTEMPATH\Boot.php(334): CodeIgniter\CodeIgniter->run()
 5 SYSTEMPATH\Boot.php(67): CodeIgniter\Boot::runCodeIgniter(Object(CodeIgniter\CodeIgniter))
 6 FCPATH\index.php(56): CodeIgniter\Boot::bootWeb(Object(Config\Paths))
 7 SYSTEMPATH\rewrite.php(44): require_once('C:\\xampp\\htdocs\\codeigniter4\\public\\index.php')
WARNING - 2025-04-23 23:43:02 --> [DEPRECATED] Function utf8_decode() is deprecated in APPPATH\Controllers\Relatorios.php on line 92.
 1 SYSTEMPATH\CodeIgniter.php(933): App\Controllers\Relatorios->relatorioProdutos()
 2 SYSTEMPATH\CodeIgniter.php(507): CodeIgniter\CodeIgniter->runController(Object(App\Controllers\Relatorios))
 3 SYSTEMPATH\CodeIgniter.php(354): CodeIgniter\CodeIgniter->handleRequest(null, Object(Config\Cache), false)
 4 SYSTEMPATH\Boot.php(334): CodeIgniter\CodeIgniter->run()
 5 SYSTEMPATH\Boot.php(67): CodeIgniter\Boot::runCodeIgniter(Object(CodeIgniter\CodeIgniter))
 6 FCPATH\index.php(56): CodeIgniter\Boot::bootWeb(Object(Config\Paths))
 7 SYSTEMPATH\rewrite.php(44): require_once('C:\\xampp\\htdocs\\codeigniter4\\public\\index.php')
CRITICAL - 2025-04-23 23:43:02 --> ErrorException: Undefined property: stdClass::$produtos_valor
[Method: GET, Route: relatorios/produtos]
in APPPATH\Controllers\Relatorios.php on line 93.
 1 APPPATH\Controllers\Relatorios.php(93): CodeIgniter\Debug\Exceptions->errorHandler(2, 'Undefined property: stdClass::$produtos_valor', 'C:\\xampp\\htdocs\\codeigniter4\\app\\Controllers\\Relatorios.php', 93)
 2 SYSTEMPATH\CodeIgniter.php(933): App\Controllers\Relatorios->relatorioProdutos()
 3 SYSTEMPATH\CodeIgniter.php(507): CodeIgniter\CodeIgniter->runController(Object(App\Controllers\Relatorios))
 4 SYSTEMPATH\CodeIgniter.php(354): CodeIgniter\CodeIgniter->handleRequest(null, Object(Config\Cache), false)
 5 SYSTEMPATH\Boot.php(334): CodeIgniter\CodeIgniter->run()
 6 SYSTEMPATH\Boot.php(67): CodeIgniter\Boot::runCodeIgniter(Object(CodeIgniter\CodeIgniter))
 7 FCPATH\index.php(56): CodeIgniter\Boot::bootWeb(Object(Config\Paths))
 8 SYSTEMPATH\rewrite.php(44): require_once('C:\\xampp\\htdocs\\codeigniter4\\public\\index.php')
WARNING - 2025-04-23 23:45:18 --> [DEPRECATED] Function utf8_decode() is deprecated in APPPATH\Controllers\Relatorios.php on line 74.
 1 SYSTEMPATH\CodeIgniter.php(933): App\Controllers\Relatorios->relatorioProdutos()
 2 SYSTEMPATH\CodeIgniter.php(507): CodeIgniter\CodeIgniter->runController(Object(App\Controllers\Relatorios))
 3 SYSTEMPATH\CodeIgniter.php(354): CodeIgniter\CodeIgniter->handleRequest(null, Object(Config\Cache), false)
 4 SYSTEMPATH\Boot.php(334): CodeIgniter\CodeIgniter->run()
 5 SYSTEMPATH\Boot.php(67): CodeIgniter\Boot::runCodeIgniter(Object(CodeIgniter\CodeIgniter))
 6 FCPATH\index.php(56): CodeIgniter\Boot::bootWeb(Object(Config\Paths))
 7 SYSTEMPATH\rewrite.php(44): require_once('C:\\xampp\\htdocs\\codeigniter4\\public\\index.php')
WARNING - 2025-04-23 23:45:18 --> [DEPRECATED] Function utf8_decode() is deprecated in APPPATH\Controllers\Relatorios.php on line 92.
 1 SYSTEMPATH\CodeIgniter.php(933): App\Controllers\Relatorios->relatorioProdutos()
 2 SYSTEMPATH\CodeIgniter.php(507): CodeIgniter\CodeIgniter->runController(Object(App\Controllers\Relatorios))
 3 SYSTEMPATH\CodeIgniter.php(354): CodeIgniter\CodeIgniter->handleRequest(null, Object(Config\Cache), false)
 4 SYSTEMPATH\Boot.php(334): CodeIgniter\CodeIgniter->run()
 5 SYSTEMPATH\Boot.php(67): CodeIgniter\Boot::runCodeIgniter(Object(CodeIgniter\CodeIgniter))
 6 FCPATH\index.php(56): CodeIgniter\Boot::bootWeb(Object(Config\Paths))
 7 SYSTEMPATH\rewrite.php(44): require_once('C:\\xampp\\htdocs\\codeigniter4\\public\\index.php')
WARNING - 2025-04-23 23:45:18 --> [DEPRECATED] Function utf8_decode() is deprecated in APPPATH\Controllers\Relatorios.php on line 93.
 1 SYSTEMPATH\CodeIgniter.php(933): App\Controllers\Relatorios->relatorioProdutos()
 2 SYSTEMPATH\CodeIgniter.php(507): CodeIgniter\CodeIgniter->runController(Object(App\Controllers\Relatorios))
 3 SYSTEMPATH\CodeIgniter.php(354): CodeIgniter\CodeIgniter->handleRequest(null, Object(Config\Cache), false)
 4 SYSTEMPATH\Boot.php(334): CodeIgniter\CodeIgniter->run()
 5 SYSTEMPATH\Boot.php(67): CodeIgniter\Boot::runCodeIgniter(Object(CodeIgniter\CodeIgniter))
 6 FCPATH\index.php(56): CodeIgniter\Boot::bootWeb(Object(Config\Paths))
 7 SYSTEMPATH\rewrite.php(44): require_once('C:\\xampp\\htdocs\\codeigniter4\\public\\index.php')
WARNING - 2025-04-23 23:45:18 --> [DEPRECATED] Function utf8_decode() is deprecated in APPPATH\Controllers\Relatorios.php on line 92.
 1 SYSTEMPATH\CodeIgniter.php(933): App\Controllers\Relatorios->relatorioProdutos()
 2 SYSTEMPATH\CodeIgniter.php(507): CodeIgniter\CodeIgniter->runController(Object(App\Controllers\Relatorios))
 3 SYSTEMPATH\CodeIgniter.php(354): CodeIgniter\CodeIgniter->handleRequest(null, Object(Config\Cache), false)
 4 SYSTEMPATH\Boot.php(334): CodeIgniter\CodeIgniter->run()
 5 SYSTEMPATH\Boot.php(67): CodeIgniter\Boot::runCodeIgniter(Object(CodeIgniter\CodeIgniter))
 6 FCPATH\index.php(56): CodeIgniter\Boot::bootWeb(Object(Config\Paths))
 7 SYSTEMPATH\rewrite.php(44): require_once('C:\\xampp\\htdocs\\codeigniter4\\public\\index.php')
WARNING - 2025-04-23 23:45:18 --> [DEPRECATED] Function utf8_decode() is deprecated in APPPATH\Controllers\Relatorios.php on line 93.
 1 SYSTEMPATH\CodeIgniter.php(933): App\Controllers\Relatorios->relatorioProdutos()
 2 SYSTEMPATH\CodeIgniter.php(507): CodeIgniter\CodeIgniter->runController(Object(App\Controllers\Relatorios))
 3 SYSTEMPATH\CodeIgniter.php(354): CodeIgniter\CodeIgniter->handleRequest(null, Object(Config\Cache), false)
 4 SYSTEMPATH\Boot.php(334): CodeIgniter\CodeIgniter->run()
 5 SYSTEMPATH\Boot.php(67): CodeIgniter\Boot::runCodeIgniter(Object(CodeIgniter\CodeIgniter))
 6 FCPATH\index.php(56): CodeIgniter\Boot::bootWeb(Object(Config\Paths))
 7 SYSTEMPATH\rewrite.php(44): require_once('C:\\xampp\\htdocs\\codeigniter4\\public\\index.php')
WARNING - 2025-04-23 23:45:18 --> [DEPRECATED] Function utf8_decode() is deprecated in APPPATH\Libraries\RelatorioPDF.php on line 21.
 1 APPPATH\Libraries\fpdf\fpdf.php(279): RelatorioPDF->Footer()
 2 APPPATH\Libraries\fpdf\fpdf.php(988): FPDF->Close()
 3 APPPATH\Controllers\Relatorios.php(96): FPDF->Output('I', 'RelatorioProdutos.pdf')
 4 SYSTEMPATH\CodeIgniter.php(933): App\Controllers\Relatorios->relatorioProdutos()
 5 SYSTEMPATH\CodeIgniter.php(507): CodeIgniter\CodeIgniter->runController(Object(App\Controllers\Relatorios))
 6 SYSTEMPATH\CodeIgniter.php(354): CodeIgniter\CodeIgniter->handleRequest(null, Object(Config\Cache), false)
 7 SYSTEMPATH\Boot.php(334): CodeIgniter\CodeIgniter->run()
 8 SYSTEMPATH\Boot.php(67): CodeIgniter\Boot::runCodeIgniter(Object(CodeIgniter\CodeIgniter))
 9 FCPATH\index.php(56): CodeIgniter\Boot::bootWeb(Object(Config\Paths))
10 SYSTEMPATH\rewrite.php(44): require_once('C:\\xampp\\htdocs\\codeigniter4\\public\\index.php')
